[0.128s] DEBUG:colcon:Command line arguments: ['/usr/bin/colcon', 'build']
[0.128s] DEBUG:colcon:Parsed command line arguments: Namespace(log_base=None, log_level=None, verb_name='build', build_base='build', install_base='install', merge_install=False, symlink_install=False, test_result_base=None, continue_on_error=False, executor='parallel', parallel_workers=8, event_handlers=None, ignore_user_meta=False, metas=['./colcon.meta'], base_paths=['.'], packages_ignore=None, packages_ignore_regex=None, paths=None, packages_up_to=None, packages_up_to_regex=None, packages_above=None, packages_above_and_dependencies=None, packages_above_depth=None, packages_select_by_dep=None, packages_skip_by_dep=None, packages_skip_up_to=None, packages_select_build_failed=False, packages_skip_build_finished=False, packages_select_test_failures=False, packages_skip_test_passed=False, packages_select=None, packages_skip=None, packages_select_regex=None, packages_skip_regex=None, packages_start=None, packages_end=None, allow_overriding=[], cmake_args=None, cmake_target=None, cmake_target_skip_unavailable=False, cmake_clean_cache=False, cmake_clean_first=False, cmake_force_configure=False, ament_cmake_args=None, catkin_cmake_args=None, catkin_skip_building_tests=False, verb_parser=<colcon_defaults.argument_parser.defaults.DefaultArgumentsDecorator object at 0x7069d4d6d8b0>, verb_extension=<colcon_core.verb.build.BuildVerb object at 0x7069d4d6d6a0>, main=<bound method BuildVerb.main of <colcon_core.verb.build.BuildVerb object at 0x7069d4d6d6a0>>)
[0.183s] Level 1:colcon.colcon_core.package_discovery:discover_packages(colcon_meta) check parameters
[0.183s] Level 1:colcon.colcon_core.package_discovery:discover_packages(recursive) check parameters
[0.183s] Level 1:colcon.colcon_core.package_discovery:discover_packages(ignore) check parameters
[0.183s] Level 1:colcon.colcon_core.package_discovery:discover_packages(path) check parameters
[0.183s] Level 1:colcon.colcon_core.package_discovery:discover_packages(colcon_meta) discover
[0.183s] Level 1:colcon.colcon_core.package_discovery:discover_packages(recursive) discover
[0.183s] INFO:colcon.colcon_core.package_discovery:Crawling recursively for packages in '/home/ubuntu/Robotica_class/1_Parcial/examen_ws'
[0.183s] Level 1:colcon.colcon_core.package_identification:_identify(.) by extensions ['ignore', 'ignore_ament_install']
[0.184s] Level 1:colcon.colcon_core.package_identification:_identify(.) by extension 'ignore'
[0.184s] Level 1:colcon.colcon_core.package_identification:_identify(.) by extension 'ignore_ament_install'
[0.184s] Level 1:colcon.colcon_core.package_identification:_identify(.) by extensions ['colcon_pkg']
[0.184s] Level 1:colcon.colcon_core.package_identification:_identify(.) by extension 'colcon_pkg'
[0.184s] Level 1:colcon.colcon_core.package_identification:_identify(.) by extensions ['colcon_meta']
[0.184s] Level 1:colcon.colcon_core.package_identification:_identify(.) by extension 'colcon_meta'
[0.184s] Level 1:colcon.colcon_core.package_identification:_identify(.) by extensions ['ros']
[0.184s] Level 1:colcon.colcon_core.package_identification:_identify(.) by extension 'ros'
[0.215s] Level 1:colcon.colcon_core.package_identification:_identify(.) by extensions ['cmake', 'python']
[0.215s] Level 1:colcon.colcon_core.package_identification:_identify(.) by extension 'cmake'
[0.215s] Level 1:colcon.colcon_core.package_identification:_identify(.) by extension 'python'
[0.215s] Level 1:colcon.colcon_core.package_identification:_identify(.) by extensions ['python_setup_py']
[0.215s] Level 1:colcon.colcon_core.package_identification:_identify(.) by extension 'python_setup_py'
[0.215s] Level 1:colcon.colcon_core.package_identification:_identify(build) by extensions ['ignore', 'ignore_ament_install']
[0.215s] Level 1:colcon.colcon_core.package_identification:_identify(build) by extension 'ignore'
[0.215s] Level 1:colcon.colcon_core.package_identification:_identify(build) ignored
[0.215s] Level 1:colcon.colcon_core.package_identification:_identify(install) by extensions ['ignore', 'ignore_ament_install']
[0.216s] Level 1:colcon.colcon_core.package_identification:_identify(install) by extension 'ignore'
[0.216s] Level 1:colcon.colcon_core.package_identification:_identify(install) ignored
[0.216s] Level 1:colcon.colcon_core.package_identification:_identify(log) by extensions ['ignore', 'ignore_ament_install']
[0.216s] Level 1:colcon.colcon_core.package_identification:_identify(log) by extension 'ignore'
[0.216s] Level 1:colcon.colcon_core.package_identification:_identify(log) ignored
[0.216s] Level 1:colcon.colcon_core.package_identification:_identify(ros2_tutorials) by extensions ['ignore', 'ignore_ament_install']
[0.216s] Level 1:colcon.colcon_core.package_identification:_identify(ros2_tutorials) by extension 'ignore'
[0.216s] Level 1:colcon.colcon_core.package_identification:_identify(ros2_tutorials) by extension 'ignore_ament_install'
[0.216s] Level 1:colcon.colcon_core.package_identification:_identify(ros2_tutorials) by extensions ['colcon_pkg']
[0.216s] Level 1:colcon.colcon_core.package_identification:_identify(ros2_tutorials) by extension 'colcon_pkg'
[0.216s] Level 1:colcon.colcon_core.package_identification:_identify(ros2_tutorials) by extensions ['colcon_meta']
[0.216s] Level 1:colcon.colcon_core.package_identification:_identify(ros2_tutorials) by extension 'colcon_meta'
[0.216s] Level 1:colcon.colcon_core.package_identification:_identify(ros2_tutorials) by extensions ['ros']
[0.216s] Level 1:colcon.colcon_core.package_identification:_identify(ros2_tutorials) by extension 'ros'
[0.217s] Level 1:colcon.colcon_core.package_identification:_identify(ros2_tutorials) by extensions ['cmake', 'python']
[0.217s] Level 1:colcon.colcon_core.package_identification:_identify(ros2_tutorials) by extension 'cmake'
[0.217s] Level 1:colcon.colcon_core.package_identification:_identify(ros2_tutorials) by extension 'python'
[0.217s] Level 1:colcon.colcon_core.package_identification:_identify(ros2_tutorials) by extensions ['python_setup_py']
[0.217s] Level 1:colcon.colcon_core.package_identification:_identify(ros2_tutorials) by extension 'python_setup_py'
[0.217s] Level 1:colcon.colcon_core.package_identification:_identify(ros2_tutorials/robot_description) by extensions ['ignore', 'ignore_ament_install']
[0.217s] Level 1:colcon.colcon_core.package_identification:_identify(ros2_tutorials/robot_description) by extension 'ignore'
[0.217s] Level 1:colcon.colcon_core.package_identification:_identify(ros2_tutorials/robot_description) by extension 'ignore_ament_install'
[0.217s] Level 1:colcon.colcon_core.package_identification:_identify(ros2_tutorials/robot_description) by extensions ['colcon_pkg']
[0.217s] Level 1:colcon.colcon_core.package_identification:_identify(ros2_tutorials/robot_description) by extension 'colcon_pkg'
[0.217s] Level 1:colcon.colcon_core.package_identification:_identify(ros2_tutorials/robot_description) by extensions ['colcon_meta']
[0.217s] Level 1:colcon.colcon_core.package_identification:_identify(ros2_tutorials/robot_description) by extension 'colcon_meta'
[0.217s] Level 1:colcon.colcon_core.package_identification:_identify(ros2_tutorials/robot_description) by extensions ['ros']
[0.217s] Level 1:colcon.colcon_core.package_identification:_identify(ros2_tutorials/robot_description) by extension 'ros'
[0.221s] DEBUG:colcon.colcon_core.package_identification:Package 'ros2_tutorials/robot_description' with type 'ros.ament_cmake' and name 'robot_description'
[0.221s] Level 1:colcon.colcon_core.package_identification:_identify(ros2_tutorials/visual_pubsub) by extensions ['ignore', 'ignore_ament_install']
[0.221s] Level 1:colcon.colcon_core.package_identification:_identify(ros2_tutorials/visual_pubsub) by extension 'ignore'
[0.221s] Level 1:colcon.colcon_core.package_identification:_identify(ros2_tutorials/visual_pubsub) by extension 'ignore_ament_install'
[0.221s] Level 1:colcon.colcon_core.package_identification:_identify(ros2_tutorials/visual_pubsub) by extensions ['colcon_pkg']
[0.221s] Level 1:colcon.colcon_core.package_identification:_identify(ros2_tutorials/visual_pubsub) by extension 'colcon_pkg'
[0.221s] Level 1:colcon.colcon_core.package_identification:_identify(ros2_tutorials/visual_pubsub) by extensions ['colcon_meta']
[0.221s] Level 1:colcon.colcon_core.package_identification:_identify(ros2_tutorials/visual_pubsub) by extension 'colcon_meta'
[0.222s] Level 1:colcon.colcon_core.package_identification:_identify(ros2_tutorials/visual_pubsub) by extensions ['ros']
[0.222s] Level 1:colcon.colcon_core.package_identification:_identify(ros2_tutorials/visual_pubsub) by extension 'ros'
[0.222s] DEBUG:colcon.colcon_core.package_identification:Package 'ros2_tutorials/visual_pubsub' with type 'ros.ament_python' and name 'visual_pubsub'
[0.222s] Level 1:colcon.colcon_core.package_discovery:discover_packages(recursive) using defaults
[0.222s] Level 1:colcon.colcon_core.package_discovery:discover_packages(ignore) discover
[0.222s] Level 1:colcon.colcon_core.package_discovery:discover_packages(ignore) using defaults
[0.222s] Level 1:colcon.colcon_core.package_discovery:discover_packages(path) discover
[0.222s] Level 1:colcon.colcon_core.package_discovery:discover_packages(path) using defaults
[0.243s] Level 1:colcon.colcon_core.package_discovery:discover_packages(prefix_path) check parameters
[0.243s] Level 1:colcon.colcon_core.package_discovery:discover_packages(prefix_path) discover
[0.245s] DEBUG:colcon.colcon_installed_package_information.package_discovery:Found 2 installed packages in /home/ubuntu/Robotica_class/1_Parcial/examen_ws/install
[0.247s] DEBUG:colcon.colcon_installed_package_information.package_discovery:Found 289 installed packages in /opt/ros/jazzy
[0.248s] Level 1:colcon.colcon_core.package_discovery:discover_packages(prefix_path) using defaults
[0.302s] Level 5:colcon.colcon_core.verb:set package 'robot_description' build argument 'cmake_args' from command line to 'None'
[0.302s] Level 5:colcon.colcon_core.verb:set package 'robot_description' build argument 'cmake_target' from command line to 'None'
[0.302s] Level 5:colcon.colcon_core.verb:set package 'robot_description' build argument 'cmake_target_skip_unavailable' from command line to 'False'
[0.302s] Level 5:colcon.colcon_core.verb:set package 'robot_description' build argument 'cmake_clean_cache' from command line to 'False'
[0.302s] Level 5:colcon.colcon_core.verb:set package 'robot_description' build argument 'cmake_clean_first' from command line to 'False'
[0.302s] Level 5:colcon.colcon_core.verb:set package 'robot_description' build argument 'cmake_force_configure' from command line to 'False'
[0.302s] Level 5:colcon.colcon_core.verb:set package 'robot_description' build argument 'ament_cmake_args' from command line to 'None'
[0.302s] Level 5:colcon.colcon_core.verb:set package 'robot_description' build argument 'catkin_cmake_args' from command line to 'None'
[0.302s] Level 5:colcon.colcon_core.verb:set package 'robot_description' build argument 'catkin_skip_building_tests' from command line to 'False'
[0.302s] DEBUG:colcon.colcon_core.verb:Building package 'robot_description' with the following arguments: {'ament_cmake_args': None, 'build_base': '/home/ubuntu/Robotica_class/1_Parcial/examen_ws/build/robot_description', 'catkin_cmake_args': None, 'catkin_skip_building_tests': False, 'cmake_args': None, 'cmake_clean_cache': False, 'cmake_clean_first': False, 'cmake_force_configure': False, 'cmake_target': None, 'cmake_target_skip_unavailable': False, 'install_base': '/home/ubuntu/Robotica_class/1_Parcial/examen_ws/install/robot_description', 'merge_install': False, 'path': '/home/ubuntu/Robotica_class/1_Parcial/examen_ws/ros2_tutorials/robot_description', 'symlink_install': False, 'test_result_base': None}
[0.303s] Level 5:colcon.colcon_core.verb:set package 'visual_pubsub' build argument 'cmake_args' from command line to 'None'
[0.303s] Level 5:colcon.colcon_core.verb:set package 'visual_pubsub' build argument 'cmake_target' from command line to 'None'
[0.303s] Level 5:colcon.colcon_core.verb:set package 'visual_pubsub' build argument 'cmake_target_skip_unavailable' from command line to 'False'
[0.303s] Level 5:colcon.colcon_core.verb:set package 'visual_pubsub' build argument 'cmake_clean_cache' from command line to 'False'
[0.303s] Level 5:colcon.colcon_core.verb:set package 'visual_pubsub' build argument 'cmake_clean_first' from command line to 'False'
[0.303s] Level 5:colcon.colcon_core.verb:set package 'visual_pubsub' build argument 'cmake_force_configure' from command line to 'False'
[0.303s] Level 5:colcon.colcon_core.verb:set package 'visual_pubsub' build argument 'ament_cmake_args' from command line to 'None'
[0.303s] Level 5:colcon.colcon_core.verb:set package 'visual_pubsub' build argument 'catkin_cmake_args' from command line to 'None'
[0.303s] Level 5:colcon.colcon_core.verb:set package 'visual_pubsub' build argument 'catkin_skip_building_tests' from command line to 'False'
[0.303s] DEBUG:colcon.colcon_core.verb:Building package 'visual_pubsub' with the following arguments: {'ament_cmake_args': None, 'build_base': '/home/ubuntu/Robotica_class/1_Parcial/examen_ws/build/visual_pubsub', 'catkin_cmake_args': None, 'catkin_skip_building_tests': False, 'cmake_args': None, 'cmake_clean_cache': False, 'cmake_clean_first': False, 'cmake_force_configure': False, 'cmake_target': None, 'cmake_target_skip_unavailable': False, 'install_base': '/home/ubuntu/Robotica_class/1_Parcial/examen_ws/install/visual_pubsub', 'merge_install': False, 'path': '/home/ubuntu/Robotica_class/1_Parcial/examen_ws/ros2_tutorials/visual_pubsub', 'symlink_install': False, 'test_result_base': None}
[0.303s] INFO:colcon.colcon_core.executor:Executing jobs using 'parallel' executor
[0.304s] DEBUG:colcon.colcon_parallel_executor.executor.parallel:run_until_complete
[0.305s] INFO:colcon.colcon_ros.task.ament_cmake.build:Building ROS package in '/home/ubuntu/Robotica_class/1_Parcial/examen_ws/ros2_tutorials/robot_description' with build type 'ament_cmake'
[0.305s] INFO:colcon.colcon_cmake.task.cmake.build:Building CMake package in '/home/ubuntu/Robotica_class/1_Parcial/examen_ws/ros2_tutorials/robot_description'
[0.308s] INFO:colcon.colcon_core.plugin_system:Skipping extension 'colcon_core.shell.bat': Not used on non-Windows systems
[0.308s] INFO:colcon.colcon_core.shell:Skip shell extension 'powershell' for command environment: Not usable outside of PowerShell
[0.308s] DEBUG:colcon.colcon_core.shell:Skip shell extension 'dsv' for command environment
[0.313s] INFO:colcon.colcon_ros.task.ament_python.build:Building ROS package in '/home/ubuntu/Robotica_class/1_Parcial/examen_ws/ros2_tutorials/visual_pubsub' with build type 'ament_python'
[0.313s] Level 1:colcon.colcon_core.shell:create_environment_hook('visual_pubsub', 'ament_prefix_path')
[0.314s] INFO:colcon.colcon_core.shell:Creating environment hook '/home/ubuntu/Robotica_class/1_Parcial/examen_ws/install/visual_pubsub/share/visual_pubsub/hook/ament_prefix_path.ps1'
[0.315s] INFO:colcon.colcon_core.shell:Creating environment descriptor '/home/ubuntu/Robotica_class/1_Parcial/examen_ws/install/visual_pubsub/share/visual_pubsub/hook/ament_prefix_path.dsv'
[0.315s] INFO:colcon.colcon_core.shell:Creating environment hook '/home/ubuntu/Robotica_class/1_Parcial/examen_ws/install/visual_pubsub/share/visual_pubsub/hook/ament_prefix_path.sh'
[0.316s] INFO:colcon.colcon_core.shell:Skip shell extension 'powershell' for command environment: Not usable outside of PowerShell
[0.316s] DEBUG:colcon.colcon_core.shell:Skip shell extension 'dsv' for command environment
[0.327s] DEBUG:colcon.colcon_core.event_handler.log_command:Invoking command in '/home/ubuntu/Robotica_class/1_Parcial/examen_ws/build/robot_description': CMAKE_PREFIX_PATH=${CMAKE_PREFIX_PATH}:/home/ubuntu/Robotica_class/1_Parcial/examen_ws/install/visual_pubsub:/opt/ros/jazzy DEBUGINFOD_URLS=https://debuginfod.ubuntu.com /usr/bin/cmake --build /home/ubuntu/Robotica_class/1_Parcial/examen_ws/build/robot_description -- -j8 -l8
[0.632s] INFO:colcon.colcon_core.task.python.build:Building Python package in '/home/ubuntu/Robotica_class/1_Parcial/examen_ws/ros2_tutorials/visual_pubsub'
[0.633s] INFO:colcon.colcon_core.shell:Skip shell extension 'powershell' for command environment: Not usable outside of PowerShell
[0.633s] DEBUG:colcon.colcon_core.shell:Skip shell extension 'dsv' for command environment
[0.641s] DEBUG:colcon.colcon_core.event_handler.log_command:Invoked command in '/home/ubuntu/Robotica_class/1_Parcial/examen_ws/build/robot_description' returned '0': CMAKE_PREFIX_PATH=${CMAKE_PREFIX_PATH}:/home/ubuntu/Robotica_class/1_Parcial/examen_ws/install/visual_pubsub:/opt/ros/jazzy DEBUGINFOD_URLS=https://debuginfod.ubuntu.com /usr/bin/cmake --build /home/ubuntu/Robotica_class/1_Parcial/examen_ws/build/robot_description -- -j8 -l8
[0.660s] DEBUG:colcon.colcon_core.event_handler.log_command:Invoking command in '/home/ubuntu/Robotica_class/1_Parcial/examen_ws/build/robot_description': CMAKE_PREFIX_PATH=${CMAKE_PREFIX_PATH}:/home/ubuntu/Robotica_class/1_Parcial/examen_ws/install/visual_pubsub:/opt/ros/jazzy DEBUGINFOD_URLS=https://debuginfod.ubuntu.com /usr/bin/cmake --install /home/ubuntu/Robotica_class/1_Parcial/examen_ws/build/robot_description
[0.679s] Level 1:colcon.colcon_core.environment:create_environment_scripts_only(robot_description)
[0.680s] DEBUG:colcon.colcon_core.event_handler.log_command:Invoked command in '/home/ubuntu/Robotica_class/1_Parcial/examen_ws/build/robot_description' returned '0': CMAKE_PREFIX_PATH=${CMAKE_PREFIX_PATH}:/home/ubuntu/Robotica_class/1_Parcial/examen_ws/install/visual_pubsub:/opt/ros/jazzy DEBUGINFOD_URLS=https://debuginfod.ubuntu.com /usr/bin/cmake --install /home/ubuntu/Robotica_class/1_Parcial/examen_ws/build/robot_description
[0.682s] Level 1:colcon.colcon_core.environment:checking '/home/ubuntu/Robotica_class/1_Parcial/examen_ws/install/robot_description' for CMake module files
[0.683s] Level 1:colcon.colcon_core.environment:checking '/home/ubuntu/Robotica_class/1_Parcial/examen_ws/install/robot_description' for CMake config files
[0.684s] Level 1:colcon.colcon_core.shell:create_environment_hook('robot_description', 'cmake_prefix_path')
[0.684s] INFO:colcon.colcon_core.shell:Creating environment hook '/home/ubuntu/Robotica_class/1_Parcial/examen_ws/install/robot_description/share/robot_description/hook/cmake_prefix_path.ps1'
[0.684s] INFO:colcon.colcon_core.shell:Creating environment descriptor '/home/ubuntu/Robotica_class/1_Parcial/examen_ws/install/robot_description/share/robot_description/hook/cmake_prefix_path.dsv'
[0.685s] INFO:colcon.colcon_core.shell:Creating environment hook '/home/ubuntu/Robotica_class/1_Parcial/examen_ws/install/robot_description/share/robot_description/hook/cmake_prefix_path.sh'
[0.686s] Level 1:colcon.colcon_core.environment:checking '/home/ubuntu/Robotica_class/1_Parcial/examen_ws/install/robot_description/bin'
[0.686s] Level 1:colcon.colcon_core.environment:checking '/home/ubuntu/Robotica_class/1_Parcial/examen_ws/install/robot_description/lib/pkgconfig/robot_description.pc'
[0.686s] Level 1:colcon.colcon_core.environment:checking '/home/ubuntu/Robotica_class/1_Parcial/examen_ws/install/robot_description/lib/python3.12/site-packages'
[0.687s] Level 1:colcon.colcon_core.environment:checking '/home/ubuntu/Robotica_class/1_Parcial/examen_ws/install/robot_description/bin'
[0.687s] INFO:colcon.colcon_core.shell:Creating package script '/home/ubuntu/Robotica_class/1_Parcial/examen_ws/install/robot_description/share/robot_description/package.ps1'
[0.688s] INFO:colcon.colcon_core.shell:Creating package descriptor '/home/ubuntu/Robotica_class/1_Parcial/examen_ws/install/robot_description/share/robot_description/package.dsv'
[0.689s] INFO:colcon.colcon_core.shell:Creating package script '/home/ubuntu/Robotica_class/1_Parcial/examen_ws/install/robot_description/share/robot_description/package.sh'
[0.690s] INFO:colcon.colcon_core.shell:Creating package script '/home/ubuntu/Robotica_class/1_Parcial/examen_ws/install/robot_description/share/robot_description/package.bash'
[0.691s] INFO:colcon.colcon_core.shell:Creating package script '/home/ubuntu/Robotica_class/1_Parcial/examen_ws/install/robot_description/share/robot_description/package.zsh'
[0.692s] Level 1:colcon.colcon_core.environment:create_file_with_runtime_dependencies(/home/ubuntu/Robotica_class/1_Parcial/examen_ws/install/robot_description/share/colcon-core/packages/robot_description)
[0.693s] Level 1:colcon.colcon_core.environment:create_environment_scripts_only(robot_description)
[0.693s] Level 1:colcon.colcon_core.environment:checking '/home/ubuntu/Robotica_class/1_Parcial/examen_ws/install/robot_description' for CMake module files
[0.693s] Level 1:colcon.colcon_core.environment:checking '/home/ubuntu/Robotica_class/1_Parcial/examen_ws/install/robot_description' for CMake config files
[0.694s] Level 1:colcon.colcon_core.shell:create_environment_hook('robot_description', 'cmake_prefix_path')
[0.694s] INFO:colcon.colcon_core.shell:Creating environment hook '/home/ubuntu/Robotica_class/1_Parcial/examen_ws/install/robot_description/share/robot_description/hook/cmake_prefix_path.ps1'
[0.694s] INFO:colcon.colcon_core.shell:Creating environment descriptor '/home/ubuntu/Robotica_class/1_Parcial/examen_ws/install/robot_description/share/robot_description/hook/cmake_prefix_path.dsv'
[0.695s] INFO:colcon.colcon_core.shell:Creating environment hook '/home/ubuntu/Robotica_class/1_Parcial/examen_ws/install/robot_description/share/robot_description/hook/cmake_prefix_path.sh'
[0.695s] Level 1:colcon.colcon_core.environment:checking '/home/ubuntu/Robotica_class/1_Parcial/examen_ws/install/robot_description/bin'
[0.696s] Level 1:colcon.colcon_core.environment:checking '/home/ubuntu/Robotica_class/1_Parcial/examen_ws/install/robot_description/lib/pkgconfig/robot_description.pc'
[0.696s] Level 1:colcon.colcon_core.environment:checking '/home/ubuntu/Robotica_class/1_Parcial/examen_ws/install/robot_description/lib/python3.12/site-packages'
[0.696s] Level 1:colcon.colcon_core.environment:checking '/home/ubuntu/Robotica_class/1_Parcial/examen_ws/install/robot_description/bin'
[0.697s] INFO:colcon.colcon_core.shell:Creating package script '/home/ubuntu/Robotica_class/1_Parcial/examen_ws/install/robot_description/share/robot_description/package.ps1'
[0.697s] INFO:colcon.colcon_core.shell:Creating package descriptor '/home/ubuntu/Robotica_class/1_Parcial/examen_ws/install/robot_description/share/robot_description/package.dsv'
[0.698s] INFO:colcon.colcon_core.shell:Creating package script '/home/ubuntu/Robotica_class/1_Parcial/examen_ws/install/robot_description/share/robot_description/package.sh'
[0.698s] INFO:colcon.colcon_core.shell:Creating package script '/home/ubuntu/Robotica_class/1_Parcial/examen_ws/install/robot_description/share/robot_description/package.bash'
[0.699s] INFO:colcon.colcon_core.shell:Creating package script '/home/ubuntu/Robotica_class/1_Parcial/examen_ws/install/robot_description/share/robot_description/package.zsh'
[0.699s] Level 1:colcon.colcon_core.environment:create_file_with_runtime_dependencies(/home/ubuntu/Robotica_class/1_Parcial/examen_ws/install/robot_description/share/colcon-core/packages/robot_description)
[1.441s] DEBUG:colcon.colcon_core.event_handler.log_command:Invoking command in '/home/ubuntu/Robotica_class/1_Parcial/examen_ws/ros2_tutorials/visual_pubsub': DEBUGINFOD_URLS=https://debuginfod.ubuntu.com PYTHONPATH=/home/ubuntu/Robotica_class/1_Parcial/examen_ws/build/visual_pubsub/prefix_override:/usr/lib/python3/dist-packages/colcon_core/task/python/colcon_distutils_commands:/home/ubuntu/Robotica_class/1_Parcial/examen_ws/install/visual_pubsub/lib/python3.12/site-packages:${PYTHONPATH} /usr/bin/python3 -W ignore:setup.py install is deprecated -W ignore:easy_install command is deprecated setup.py egg_info --egg-base ../../build/visual_pubsub build --build-base /home/ubuntu/Robotica_class/1_Parcial/examen_ws/build/visual_pubsub/build install --record /home/ubuntu/Robotica_class/1_Parcial/examen_ws/build/visual_pubsub/install.log --single-version-externally-managed install_data
[2.182s] Level 1:colcon.colcon_core.environment:checking '/home/ubuntu/Robotica_class/1_Parcial/examen_ws/install/visual_pubsub' for CMake module files
[2.182s] DEBUG:colcon.colcon_core.event_handler.log_command:Invoked command in '/home/ubuntu/Robotica_class/1_Parcial/examen_ws/ros2_tutorials/visual_pubsub' returned '0': DEBUGINFOD_URLS=https://debuginfod.ubuntu.com PYTHONPATH=/home/ubuntu/Robotica_class/1_Parcial/examen_ws/build/visual_pubsub/prefix_override:/usr/lib/python3/dist-packages/colcon_core/task/python/colcon_distutils_commands:/home/ubuntu/Robotica_class/1_Parcial/examen_ws/install/visual_pubsub/lib/python3.12/site-packages:${PYTHONPATH} /usr/bin/python3 -W ignore:setup.py install is deprecated -W ignore:easy_install command is deprecated setup.py egg_info --egg-base ../../build/visual_pubsub build --build-base /home/ubuntu/Robotica_class/1_Parcial/examen_ws/build/visual_pubsub/build install --record /home/ubuntu/Robotica_class/1_Parcial/examen_ws/build/visual_pubsub/install.log --single-version-externally-managed install_data
[2.184s] Level 1:colcon.colcon_core.environment:checking '/home/ubuntu/Robotica_class/1_Parcial/examen_ws/install/visual_pubsub' for CMake config files
[2.185s] Level 1:colcon.colcon_core.environment:checking '/home/ubuntu/Robotica_class/1_Parcial/examen_ws/install/visual_pubsub/lib'
[2.186s] Level 1:colcon.colcon_core.environment:checking '/home/ubuntu/Robotica_class/1_Parcial/examen_ws/install/visual_pubsub/bin'
[2.186s] Level 1:colcon.colcon_core.environment:checking '/home/ubuntu/Robotica_class/1_Parcial/examen_ws/install/visual_pubsub/lib/pkgconfig/visual_pubsub.pc'
[2.186s] Level 1:colcon.colcon_core.environment:checking '/home/ubuntu/Robotica_class/1_Parcial/examen_ws/install/visual_pubsub/lib/python3.12/site-packages'
[2.187s] Level 1:colcon.colcon_core.shell:create_environment_hook('visual_pubsub', 'pythonpath')
[2.187s] INFO:colcon.colcon_core.shell:Creating environment hook '/home/ubuntu/Robotica_class/1_Parcial/examen_ws/install/visual_pubsub/share/visual_pubsub/hook/pythonpath.ps1'
[2.188s] INFO:colcon.colcon_core.shell:Creating environment descriptor '/home/ubuntu/Robotica_class/1_Parcial/examen_ws/install/visual_pubsub/share/visual_pubsub/hook/pythonpath.dsv'
[2.189s] INFO:colcon.colcon_core.shell:Creating environment hook '/home/ubuntu/Robotica_class/1_Parcial/examen_ws/install/visual_pubsub/share/visual_pubsub/hook/pythonpath.sh'
[2.192s] Level 1:colcon.colcon_core.environment:checking '/home/ubuntu/Robotica_class/1_Parcial/examen_ws/install/visual_pubsub/bin'
[2.192s] Level 1:colcon.colcon_core.environment:create_environment_scripts_only(visual_pubsub)
[2.193s] INFO:colcon.colcon_core.shell:Creating package script '/home/ubuntu/Robotica_class/1_Parcial/examen_ws/install/visual_pubsub/share/visual_pubsub/package.ps1'
[2.194s] INFO:colcon.colcon_core.shell:Creating package descriptor '/home/ubuntu/Robotica_class/1_Parcial/examen_ws/install/visual_pubsub/share/visual_pubsub/package.dsv'
[2.196s] INFO:colcon.colcon_core.shell:Creating package script '/home/ubuntu/Robotica_class/1_Parcial/examen_ws/install/visual_pubsub/share/visual_pubsub/package.sh'
[2.197s] INFO:colcon.colcon_core.shell:Creating package script '/home/ubuntu/Robotica_class/1_Parcial/examen_ws/install/visual_pubsub/share/visual_pubsub/package.bash'
[2.198s] INFO:colcon.colcon_core.shell:Creating package script '/home/ubuntu/Robotica_class/1_Parcial/examen_ws/install/visual_pubsub/share/visual_pubsub/package.zsh'
[2.199s] Level 1:colcon.colcon_core.environment:create_file_with_runtime_dependencies(/home/ubuntu/Robotica_class/1_Parcial/examen_ws/install/visual_pubsub/share/colcon-core/packages/visual_pubsub)
[2.200s] DEBUG:colcon.colcon_parallel_executor.executor.parallel:closing loop
[2.201s] DEBUG:colcon.colcon_parallel_executor.executor.parallel:loop closed
[2.201s] DEBUG:colcon.colcon_parallel_executor.executor.parallel:run_until_complete finished with '0'
[2.202s] DEBUG:colcon.colcon_core.event_reactor:joining thread
[2.212s] INFO:colcon.colcon_core.plugin_system:Skipping extension 'colcon_notification.desktop_notification.terminal_notifier': Not used on non-Darwin systems
[2.212s] INFO:colcon.colcon_core.plugin_system:Skipping extension 'colcon_notification.desktop_notification.win32': Not used on non-Windows systems
[2.212s] INFO:colcon.colcon_notification.desktop_notification:Sending desktop notification using 'notify2'
[2.245s] DEBUG:colcon.colcon_core.event_reactor:joined thread
[2.245s] INFO:colcon.colcon_core.shell:Creating prefix script '/home/ubuntu/Robotica_class/1_Parcial/examen_ws/install/local_setup.ps1'
[2.248s] INFO:colcon.colcon_core.shell:Creating prefix util module '/home/ubuntu/Robotica_class/1_Parcial/examen_ws/install/_local_setup_util_ps1.py'
[2.251s] INFO:colcon.colcon_core.shell:Creating prefix chain script '/home/ubuntu/Robotica_class/1_Parcial/examen_ws/install/setup.ps1'
[2.254s] INFO:colcon.colcon_core.shell:Creating prefix script '/home/ubuntu/Robotica_class/1_Parcial/examen_ws/install/local_setup.sh'
[2.257s] INFO:colcon.colcon_core.shell:Creating prefix util module '/home/ubuntu/Robotica_class/1_Parcial/examen_ws/install/_local_setup_util_sh.py'
[2.258s] INFO:colcon.colcon_core.shell:Creating prefix chain script '/home/ubuntu/Robotica_class/1_Parcial/examen_ws/install/setup.sh'
[2.261s] INFO:colcon.colcon_core.shell:Creating prefix script '/home/ubuntu/Robotica_class/1_Parcial/examen_ws/install/local_setup.bash'
[2.262s] INFO:colcon.colcon_core.shell:Creating prefix chain script '/home/ubuntu/Robotica_class/1_Parcial/examen_ws/install/setup.bash'
[2.265s] INFO:colcon.colcon_core.shell:Creating prefix script '/home/ubuntu/Robotica_class/1_Parcial/examen_ws/install/local_setup.zsh'
[2.266s] INFO:colcon.colcon_core.shell:Creating prefix chain script '/home/ubuntu/Robotica_class/1_Parcial/examen_ws/install/setup.zsh'
