[0.123s] DEBUG:colcon:Command line arguments: ['/usr/bin/colcon', 'build']
[0.123s] DEBUG:colcon:Parsed command line arguments: Namespace(log_base=None, log_level=None, verb_name='build', build_base='build', install_base='install', merge_install=False, symlink_install=False, test_result_base=None, continue_on_error=False, executor='parallel', parallel_workers=8, event_handlers=None, ignore_user_meta=False, metas=['./colcon.meta'], base_paths=['.'], packages_ignore=None, packages_ignore_regex=None, paths=None, packages_up_to=None, packages_up_to_regex=None, packages_above=None, packages_above_and_dependencies=None, packages_above_depth=None, packages_select_by_dep=None, packages_skip_by_dep=None, packages_skip_up_to=None, packages_select_build_failed=False, packages_skip_build_finished=False, packages_select_test_failures=False, packages_skip_test_passed=False, packages_select=None, packages_skip=None, packages_select_regex=None, packages_skip_regex=None, packages_start=None, packages_end=None, allow_overriding=[], cmake_args=None, cmake_target=None, cmake_target_skip_unavailable=False, cmake_clean_cache=False, cmake_clean_first=False, cmake_force_configure=False, ament_cmake_args=None, catkin_cmake_args=None, catkin_skip_building_tests=False, verb_parser=<colcon_defaults.argument_parser.defaults.DefaultArgumentsDecorator object at 0x710bf4715610>, verb_extension=<colcon_core.verb.build.BuildVerb object at 0x710bf4715490>, main=<bound method BuildVerb.main of <colcon_core.verb.build.BuildVerb object at 0x710bf4715490>>)
[0.171s] Level 1:colcon.colcon_core.package_discovery:discover_packages(colcon_meta) check parameters
[0.171s] Level 1:colcon.colcon_core.package_discovery:discover_packages(recursive) check parameters
[0.171s] Level 1:colcon.colcon_core.package_discovery:discover_packages(ignore) check parameters
[0.171s] Level 1:colcon.colcon_core.package_discovery:discover_packages(path) check parameters
[0.171s] Level 1:colcon.colcon_core.package_discovery:discover_packages(colcon_meta) discover
[0.171s] Level 1:colcon.colcon_core.package_discovery:discover_packages(recursive) discover
[0.171s] INFO:colcon.colcon_core.package_discovery:Crawling recursively for packages in '/home/ubuntu/Robotica_class/1_Parcial/examen_ws'
[0.171s] Level 1:colcon.colcon_core.package_identification:_identify(.) by extensions ['ignore', 'ignore_ament_install']
[0.172s] Level 1:colcon.colcon_core.package_identification:_identify(.) by extension 'ignore'
[0.172s] Level 1:colcon.colcon_core.package_identification:_identify(.) by extension 'ignore_ament_install'
[0.172s] Level 1:colcon.colcon_core.package_identification:_identify(.) by extensions ['colcon_pkg']
[0.172s] Level 1:colcon.colcon_core.package_identification:_identify(.) by extension 'colcon_pkg'
[0.172s] Level 1:colcon.colcon_core.package_identification:_identify(.) by extensions ['colcon_meta']
[0.172s] Level 1:colcon.colcon_core.package_identification:_identify(.) by extension 'colcon_meta'
[0.172s] Level 1:colcon.colcon_core.package_identification:_identify(.) by extensions ['ros']
[0.172s] Level 1:colcon.colcon_core.package_identification:_identify(.) by extension 'ros'
[0.202s] Level 1:colcon.colcon_core.package_identification:_identify(.) by extensions ['cmake', 'python']
[0.202s] Level 1:colcon.colcon_core.package_identification:_identify(.) by extension 'cmake'
[0.202s] Level 1:colcon.colcon_core.package_identification:_identify(.) by extension 'python'
[0.202s] Level 1:colcon.colcon_core.package_identification:_identify(.) by extensions ['python_setup_py']
[0.202s] Level 1:colcon.colcon_core.package_identification:_identify(.) by extension 'python_setup_py'
[0.202s] Level 1:colcon.colcon_core.package_identification:_identify(build) by extensions ['ignore', 'ignore_ament_install']
[0.203s] Level 1:colcon.colcon_core.package_identification:_identify(build) by extension 'ignore'
[0.203s] Level 1:colcon.colcon_core.package_identification:_identify(build) ignored
[0.203s] Level 1:colcon.colcon_core.package_identification:_identify(install) by extensions ['ignore', 'ignore_ament_install']
[0.203s] Level 1:colcon.colcon_core.package_identification:_identify(install) by extension 'ignore'
[0.203s] Level 1:colcon.colcon_core.package_identification:_identify(install) ignored
[0.203s] Level 1:colcon.colcon_core.package_identification:_identify(log) by extensions ['ignore', 'ignore_ament_install']
[0.203s] Level 1:colcon.colcon_core.package_identification:_identify(log) by extension 'ignore'
[0.203s] Level 1:colcon.colcon_core.package_identification:_identify(log) ignored
[0.203s] Level 1:colcon.colcon_core.package_identification:_identify(ros2_tutorials) by extensions ['ignore', 'ignore_ament_install']
[0.203s] Level 1:colcon.colcon_core.package_identification:_identify(ros2_tutorials) by extension 'ignore'
[0.203s] Level 1:colcon.colcon_core.package_identification:_identify(ros2_tutorials) by extension 'ignore_ament_install'
[0.203s] Level 1:colcon.colcon_core.package_identification:_identify(ros2_tutorials) by extensions ['colcon_pkg']
[0.203s] Level 1:colcon.colcon_core.package_identification:_identify(ros2_tutorials) by extension 'colcon_pkg'
[0.204s] Level 1:colcon.colcon_core.package_identification:_identify(ros2_tutorials) by extensions ['colcon_meta']
[0.204s] Level 1:colcon.colcon_core.package_identification:_identify(ros2_tutorials) by extension 'colcon_meta'
[0.204s] Level 1:colcon.colcon_core.package_identification:_identify(ros2_tutorials) by extensions ['ros']
[0.204s] Level 1:colcon.colcon_core.package_identification:_identify(ros2_tutorials) by extension 'ros'
[0.204s] Level 1:colcon.colcon_core.package_identification:_identify(ros2_tutorials) by extensions ['cmake', 'python']
[0.204s] Level 1:colcon.colcon_core.package_identification:_identify(ros2_tutorials) by extension 'cmake'
[0.204s] Level 1:colcon.colcon_core.package_identification:_identify(ros2_tutorials) by extension 'python'
[0.204s] Level 1:colcon.colcon_core.package_identification:_identify(ros2_tutorials) by extensions ['python_setup_py']
[0.204s] Level 1:colcon.colcon_core.package_identification:_identify(ros2_tutorials) by extension 'python_setup_py'
[0.204s] Level 1:colcon.colcon_core.package_identification:_identify(ros2_tutorials/robot_description) by extensions ['ignore', 'ignore_ament_install']
[0.204s] Level 1:colcon.colcon_core.package_identification:_identify(ros2_tutorials/robot_description) by extension 'ignore'
[0.204s] Level 1:colcon.colcon_core.package_identification:_identify(ros2_tutorials/robot_description) by extension 'ignore_ament_install'
[0.204s] Level 1:colcon.colcon_core.package_identification:_identify(ros2_tutorials/robot_description) by extensions ['colcon_pkg']
[0.204s] Level 1:colcon.colcon_core.package_identification:_identify(ros2_tutorials/robot_description) by extension 'colcon_pkg'
[0.204s] Level 1:colcon.colcon_core.package_identification:_identify(ros2_tutorials/robot_description) by extensions ['colcon_meta']
[0.204s] Level 1:colcon.colcon_core.package_identification:_identify(ros2_tutorials/robot_description) by extension 'colcon_meta'
[0.204s] Level 1:colcon.colcon_core.package_identification:_identify(ros2_tutorials/robot_description) by extensions ['ros']
[0.204s] Level 1:colcon.colcon_core.package_identification:_identify(ros2_tutorials/robot_description) by extension 'ros'
[0.208s] DEBUG:colcon.colcon_core.package_identification:Package 'ros2_tutorials/robot_description' with type 'ros.ament_cmake' and name 'robot_description'
[0.208s] Level 1:colcon.colcon_core.package_identification:_identify(ros2_tutorials/visual_pubsub) by extensions ['ignore', 'ignore_ament_install']
[0.208s] Level 1:colcon.colcon_core.package_identification:_identify(ros2_tutorials/visual_pubsub) by extension 'ignore'
[0.208s] Level 1:colcon.colcon_core.package_identification:_identify(ros2_tutorials/visual_pubsub) by extension 'ignore_ament_install'
[0.208s] Level 1:colcon.colcon_core.package_identification:_identify(ros2_tutorials/visual_pubsub) by extensions ['colcon_pkg']
[0.208s] Level 1:colcon.colcon_core.package_identification:_identify(ros2_tutorials/visual_pubsub) by extension 'colcon_pkg'
[0.208s] Level 1:colcon.colcon_core.package_identification:_identify(ros2_tutorials/visual_pubsub) by extensions ['colcon_meta']
[0.209s] Level 1:colcon.colcon_core.package_identification:_identify(ros2_tutorials/visual_pubsub) by extension 'colcon_meta'
[0.209s] Level 1:colcon.colcon_core.package_identification:_identify(ros2_tutorials/visual_pubsub) by extensions ['ros']
[0.209s] Level 1:colcon.colcon_core.package_identification:_identify(ros2_tutorials/visual_pubsub) by extension 'ros'
[0.209s] DEBUG:colcon.colcon_core.package_identification:Package 'ros2_tutorials/visual_pubsub' with type 'ros.ament_python' and name 'visual_pubsub'
[0.209s] Level 1:colcon.colcon_core.package_discovery:discover_packages(recursive) using defaults
[0.209s] Level 1:colcon.colcon_core.package_discovery:discover_packages(ignore) discover
[0.209s] Level 1:colcon.colcon_core.package_discovery:discover_packages(ignore) using defaults
[0.209s] Level 1:colcon.colcon_core.package_discovery:discover_packages(path) discover
[0.209s] Level 1:colcon.colcon_core.package_discovery:discover_packages(path) using defaults
[0.229s] Level 1:colcon.colcon_core.package_discovery:discover_packages(prefix_path) check parameters
[0.229s] Level 1:colcon.colcon_core.package_discovery:discover_packages(prefix_path) discover
[0.233s] DEBUG:colcon.colcon_installed_package_information.package_discovery:Found 289 installed packages in /opt/ros/jazzy
[0.234s] Level 1:colcon.colcon_core.package_discovery:discover_packages(prefix_path) using defaults
[0.286s] Level 5:colcon.colcon_core.verb:set package 'robot_description' build argument 'cmake_args' from command line to 'None'
[0.286s] Level 5:colcon.colcon_core.verb:set package 'robot_description' build argument 'cmake_target' from command line to 'None'
[0.286s] Level 5:colcon.colcon_core.verb:set package 'robot_description' build argument 'cmake_target_skip_unavailable' from command line to 'False'
[0.286s] Level 5:colcon.colcon_core.verb:set package 'robot_description' build argument 'cmake_clean_cache' from command line to 'False'
[0.286s] Level 5:colcon.colcon_core.verb:set package 'robot_description' build argument 'cmake_clean_first' from command line to 'False'
[0.287s] Level 5:colcon.colcon_core.verb:set package 'robot_description' build argument 'cmake_force_configure' from command line to 'False'
[0.287s] Level 5:colcon.colcon_core.verb:set package 'robot_description' build argument 'ament_cmake_args' from command line to 'None'
[0.287s] Level 5:colcon.colcon_core.verb:set package 'robot_description' build argument 'catkin_cmake_args' from command line to 'None'
[0.287s] Level 5:colcon.colcon_core.verb:set package 'robot_description' build argument 'catkin_skip_building_tests' from command line to 'False'
[0.287s] DEBUG:colcon.colcon_core.verb:Building package 'robot_description' with the following arguments: {'ament_cmake_args': None, 'build_base': '/home/ubuntu/Robotica_class/1_Parcial/examen_ws/build/robot_description', 'catkin_cmake_args': None, 'catkin_skip_building_tests': False, 'cmake_args': None, 'cmake_clean_cache': False, 'cmake_clean_first': False, 'cmake_force_configure': False, 'cmake_target': None, 'cmake_target_skip_unavailable': False, 'install_base': '/home/ubuntu/Robotica_class/1_Parcial/examen_ws/install/robot_description', 'merge_install': False, 'path': '/home/ubuntu/Robotica_class/1_Parcial/examen_ws/ros2_tutorials/robot_description', 'symlink_install': False, 'test_result_base': None}
[0.287s] Level 5:colcon.colcon_core.verb:set package 'visual_pubsub' build argument 'cmake_args' from command line to 'None'
[0.287s] Level 5:colcon.colcon_core.verb:set package 'visual_pubsub' build argument 'cmake_target' from command line to 'None'
[0.287s] Level 5:colcon.colcon_core.verb:set package 'visual_pubsub' build argument 'cmake_target_skip_unavailable' from command line to 'False'
[0.287s] Level 5:colcon.colcon_core.verb:set package 'visual_pubsub' build argument 'cmake_clean_cache' from command line to 'False'
[0.287s] Level 5:colcon.colcon_core.verb:set package 'visual_pubsub' build argument 'cmake_clean_first' from command line to 'False'
[0.287s] Level 5:colcon.colcon_core.verb:set package 'visual_pubsub' build argument 'cmake_force_configure' from command line to 'False'
[0.287s] Level 5:colcon.colcon_core.verb:set package 'visual_pubsub' build argument 'ament_cmake_args' from command line to 'None'
[0.287s] Level 5:colcon.colcon_core.verb:set package 'visual_pubsub' build argument 'catkin_cmake_args' from command line to 'None'
[0.287s] Level 5:colcon.colcon_core.verb:set package 'visual_pubsub' build argument 'catkin_skip_building_tests' from command line to 'False'
[0.287s] DEBUG:colcon.colcon_core.verb:Building package 'visual_pubsub' with the following arguments: {'ament_cmake_args': None, 'build_base': '/home/ubuntu/Robotica_class/1_Parcial/examen_ws/build/visual_pubsub', 'catkin_cmake_args': None, 'catkin_skip_building_tests': False, 'cmake_args': None, 'cmake_clean_cache': False, 'cmake_clean_first': False, 'cmake_force_configure': False, 'cmake_target': None, 'cmake_target_skip_unavailable': False, 'install_base': '/home/ubuntu/Robotica_class/1_Parcial/examen_ws/install/visual_pubsub', 'merge_install': False, 'path': '/home/ubuntu/Robotica_class/1_Parcial/examen_ws/ros2_tutorials/visual_pubsub', 'symlink_install': False, 'test_result_base': None}
[0.287s] INFO:colcon.colcon_core.executor:Executing jobs using 'parallel' executor
[0.288s] DEBUG:colcon.colcon_parallel_executor.executor.parallel:run_until_complete
[0.289s] INFO:colcon.colcon_ros.task.ament_cmake.build:Building ROS package in '/home/ubuntu/Robotica_class/1_Parcial/examen_ws/ros2_tutorials/robot_description' with build type 'ament_cmake'
[0.289s] INFO:colcon.colcon_cmake.task.cmake.build:Building CMake package in '/home/ubuntu/Robotica_class/1_Parcial/examen_ws/ros2_tutorials/robot_description'
[0.291s] INFO:colcon.colcon_core.plugin_system:Skipping extension 'colcon_core.shell.bat': Not used on non-Windows systems
[0.291s] INFO:colcon.colcon_core.shell:Skip shell extension 'powershell' for command environment: Not usable outside of PowerShell
[0.291s] DEBUG:colcon.colcon_core.shell:Skip shell extension 'dsv' for command environment
[0.296s] INFO:colcon.colcon_ros.task.ament_python.build:Building ROS package in '/home/ubuntu/Robotica_class/1_Parcial/examen_ws/ros2_tutorials/visual_pubsub' with build type 'ament_python'
[0.296s] Level 1:colcon.colcon_core.shell:create_environment_hook('visual_pubsub', 'ament_prefix_path')
[0.297s] INFO:colcon.colcon_core.shell:Creating environment hook '/home/ubuntu/Robotica_class/1_Parcial/examen_ws/install/visual_pubsub/share/visual_pubsub/hook/ament_prefix_path.ps1'
[0.298s] INFO:colcon.colcon_core.shell:Creating environment descriptor '/home/ubuntu/Robotica_class/1_Parcial/examen_ws/install/visual_pubsub/share/visual_pubsub/hook/ament_prefix_path.dsv'
[0.298s] INFO:colcon.colcon_core.shell:Creating environment hook '/home/ubuntu/Robotica_class/1_Parcial/examen_ws/install/visual_pubsub/share/visual_pubsub/hook/ament_prefix_path.sh'
[0.299s] INFO:colcon.colcon_core.shell:Skip shell extension 'powershell' for command environment: Not usable outside of PowerShell
[0.299s] DEBUG:colcon.colcon_core.shell:Skip shell extension 'dsv' for command environment
[0.307s] DEBUG:colcon.colcon_core.event_handler.log_command:Invoking command in '/home/ubuntu/Robotica_class/1_Parcial/examen_ws/build/robot_description': CMAKE_PREFIX_PATH=${CMAKE_PREFIX_PATH}:/opt/ros/jazzy DEBUGINFOD_URLS=https://debuginfod.ubuntu.com /usr/bin/cmake /home/ubuntu/Robotica_class/1_Parcial/examen_ws/ros2_tutorials/robot_description -DCMAKE_INSTALL_PREFIX=/home/ubuntu/Robotica_class/1_Parcial/examen_ws/install/robot_description
[0.593s] INFO:colcon.colcon_core.task.python.build:Building Python package in '/home/ubuntu/Robotica_class/1_Parcial/examen_ws/ros2_tutorials/visual_pubsub'
[0.594s] INFO:colcon.colcon_core.shell:Skip shell extension 'powershell' for command environment: Not usable outside of PowerShell
[0.594s] DEBUG:colcon.colcon_core.shell:Skip shell extension 'dsv' for command environment
[1.370s] DEBUG:colcon.colcon_core.event_handler.log_command:Invoking command in '/home/ubuntu/Robotica_class/1_Parcial/examen_ws/ros2_tutorials/visual_pubsub': DEBUGINFOD_URLS=https://debuginfod.ubuntu.com PYTHONPATH=/home/ubuntu/Robotica_class/1_Parcial/examen_ws/build/visual_pubsub/prefix_override:/usr/lib/python3/dist-packages/colcon_core/task/python/colcon_distutils_commands:/home/ubuntu/Robotica_class/1_Parcial/examen_ws/install/visual_pubsub/lib/python3.12/site-packages:${PYTHONPATH} /usr/bin/python3 -W ignore:setup.py install is deprecated -W ignore:easy_install command is deprecated setup.py egg_info --egg-base ../../build/visual_pubsub build --build-base /home/ubuntu/Robotica_class/1_Parcial/examen_ws/build/visual_pubsub/build install --record /home/ubuntu/Robotica_class/1_Parcial/examen_ws/build/visual_pubsub/install.log --single-version-externally-managed install_data
[1.723s] DEBUG:colcon.colcon_core.event_handler.log_command:Invoked command in '/home/ubuntu/Robotica_class/1_Parcial/examen_ws/build/robot_description' returned '0': CMAKE_PREFIX_PATH=${CMAKE_PREFIX_PATH}:/opt/ros/jazzy DEBUGINFOD_URLS=https://debuginfod.ubuntu.com /usr/bin/cmake /home/ubuntu/Robotica_class/1_Parcial/examen_ws/ros2_tutorials/robot_description -DCMAKE_INSTALL_PREFIX=/home/ubuntu/Robotica_class/1_Parcial/examen_ws/install/robot_description
[1.726s] DEBUG:colcon.colcon_core.event_handler.log_command:Invoking command in '/home/ubuntu/Robotica_class/1_Parcial/examen_ws/build/robot_description': CMAKE_PREFIX_PATH=${CMAKE_PREFIX_PATH}:/opt/ros/jazzy DEBUGINFOD_URLS=https://debuginfod.ubuntu.com /usr/bin/cmake --build /home/ubuntu/Robotica_class/1_Parcial/examen_ws/build/robot_description -- -j8 -l8
[1.809s] DEBUG:colcon.colcon_core.event_handler.log_command:Invoked command in '/home/ubuntu/Robotica_class/1_Parcial/examen_ws/build/robot_description' returned '0': CMAKE_PREFIX_PATH=${CMAKE_PREFIX_PATH}:/opt/ros/jazzy DEBUGINFOD_URLS=https://debuginfod.ubuntu.com /usr/bin/cmake --build /home/ubuntu/Robotica_class/1_Parcial/examen_ws/build/robot_description -- -j8 -l8
[1.833s] DEBUG:colcon.colcon_core.event_handler.log_command:Invoking command in '/home/ubuntu/Robotica_class/1_Parcial/examen_ws/build/robot_description': CMAKE_PREFIX_PATH=${CMAKE_PREFIX_PATH}:/opt/ros/jazzy DEBUGINFOD_URLS=https://debuginfod.ubuntu.com /usr/bin/cmake --install /home/ubuntu/Robotica_class/1_Parcial/examen_ws/build/robot_description
[1.874s] Level 1:colcon.colcon_core.environment:create_environment_scripts_only(robot_description)
[1.875s] DEBUG:colcon.colcon_core.event_handler.log_command:Invoked command in '/home/ubuntu/Robotica_class/1_Parcial/examen_ws/build/robot_description' returned '0': CMAKE_PREFIX_PATH=${CMAKE_PREFIX_PATH}:/opt/ros/jazzy DEBUGINFOD_URLS=https://debuginfod.ubuntu.com /usr/bin/cmake --install /home/ubuntu/Robotica_class/1_Parcial/examen_ws/build/robot_description
[1.880s] Level 1:colcon.colcon_core.environment:checking '/home/ubuntu/Robotica_class/1_Parcial/examen_ws/install/robot_description' for CMake module files
[1.881s] Level 1:colcon.colcon_core.environment:checking '/home/ubuntu/Robotica_class/1_Parcial/examen_ws/install/robot_description' for CMake config files
[1.882s] Level 1:colcon.colcon_core.shell:create_environment_hook('robot_description', 'cmake_prefix_path')
[1.882s] INFO:colcon.colcon_core.shell:Creating environment hook '/home/ubuntu/Robotica_class/1_Parcial/examen_ws/install/robot_description/share/robot_description/hook/cmake_prefix_path.ps1'
[1.883s] INFO:colcon.colcon_core.shell:Creating environment descriptor '/home/ubuntu/Robotica_class/1_Parcial/examen_ws/install/robot_description/share/robot_description/hook/cmake_prefix_path.dsv'
[1.884s] INFO:colcon.colcon_core.shell:Creating environment hook '/home/ubuntu/Robotica_class/1_Parcial/examen_ws/install/robot_description/share/robot_description/hook/cmake_prefix_path.sh'
[1.886s] Level 1:colcon.colcon_core.environment:checking '/home/ubuntu/Robotica_class/1_Parcial/examen_ws/install/robot_description/bin'
[1.886s] Level 1:colcon.colcon_core.environment:checking '/home/ubuntu/Robotica_class/1_Parcial/examen_ws/install/robot_description/lib/pkgconfig/robot_description.pc'
[1.886s] Level 1:colcon.colcon_core.environment:checking '/home/ubuntu/Robotica_class/1_Parcial/examen_ws/install/robot_description/lib/python3.12/site-packages'
[1.887s] Level 1:colcon.colcon_core.environment:checking '/home/ubuntu/Robotica_class/1_Parcial/examen_ws/install/robot_description/bin'
[1.888s] INFO:colcon.colcon_core.shell:Creating package script '/home/ubuntu/Robotica_class/1_Parcial/examen_ws/install/robot_description/share/robot_description/package.ps1'
[1.890s] INFO:colcon.colcon_core.shell:Creating package descriptor '/home/ubuntu/Robotica_class/1_Parcial/examen_ws/install/robot_description/share/robot_description/package.dsv'
[1.891s] INFO:colcon.colcon_core.shell:Creating package script '/home/ubuntu/Robotica_class/1_Parcial/examen_ws/install/robot_description/share/robot_description/package.sh'
[1.893s] INFO:colcon.colcon_core.shell:Creating package script '/home/ubuntu/Robotica_class/1_Parcial/examen_ws/install/robot_description/share/robot_description/package.bash'
[1.895s] INFO:colcon.colcon_core.shell:Creating package script '/home/ubuntu/Robotica_class/1_Parcial/examen_ws/install/robot_description/share/robot_description/package.zsh'
[1.897s] Level 1:colcon.colcon_core.environment:create_file_with_runtime_dependencies(/home/ubuntu/Robotica_class/1_Parcial/examen_ws/install/robot_description/share/colcon-core/packages/robot_description)
[1.898s] Level 1:colcon.colcon_core.environment:create_environment_scripts_only(robot_description)
[1.899s] Level 1:colcon.colcon_core.environment:checking '/home/ubuntu/Robotica_class/1_Parcial/examen_ws/install/robot_description' for CMake module files
[1.900s] Level 1:colcon.colcon_core.environment:checking '/home/ubuntu/Robotica_class/1_Parcial/examen_ws/install/robot_description' for CMake config files
[1.901s] Level 1:colcon.colcon_core.shell:create_environment_hook('robot_description', 'cmake_prefix_path')
[1.901s] INFO:colcon.colcon_core.shell:Creating environment hook '/home/ubuntu/Robotica_class/1_Parcial/examen_ws/install/robot_description/share/robot_description/hook/cmake_prefix_path.ps1'
[1.902s] INFO:colcon.colcon_core.shell:Creating environment descriptor '/home/ubuntu/Robotica_class/1_Parcial/examen_ws/install/robot_description/share/robot_description/hook/cmake_prefix_path.dsv'
[1.903s] INFO:colcon.colcon_core.shell:Creating environment hook '/home/ubuntu/Robotica_class/1_Parcial/examen_ws/install/robot_description/share/robot_description/hook/cmake_prefix_path.sh'
[1.905s] Level 1:colcon.colcon_core.environment:checking '/home/ubuntu/Robotica_class/1_Parcial/examen_ws/install/robot_description/bin'
[1.905s] Level 1:colcon.colcon_core.environment:checking '/home/ubuntu/Robotica_class/1_Parcial/examen_ws/install/robot_description/lib/pkgconfig/robot_description.pc'
[1.905s] Level 1:colcon.colcon_core.environment:checking '/home/ubuntu/Robotica_class/1_Parcial/examen_ws/install/robot_description/lib/python3.12/site-packages'
[1.906s] Level 1:colcon.colcon_core.environment:checking '/home/ubuntu/Robotica_class/1_Parcial/examen_ws/install/robot_description/bin'
[1.907s] INFO:colcon.colcon_core.shell:Creating package script '/home/ubuntu/Robotica_class/1_Parcial/examen_ws/install/robot_description/share/robot_description/package.ps1'
[1.908s] INFO:colcon.colcon_core.shell:Creating package descriptor '/home/ubuntu/Robotica_class/1_Parcial/examen_ws/install/robot_description/share/robot_description/package.dsv'
[1.909s] INFO:colcon.colcon_core.shell:Creating package script '/home/ubuntu/Robotica_class/1_Parcial/examen_ws/install/robot_description/share/robot_description/package.sh'
[1.910s] INFO:colcon.colcon_core.shell:Creating package script '/home/ubuntu/Robotica_class/1_Parcial/examen_ws/install/robot_description/share/robot_description/package.bash'
[1.912s] INFO:colcon.colcon_core.shell:Creating package script '/home/ubuntu/Robotica_class/1_Parcial/examen_ws/install/robot_description/share/robot_description/package.zsh'
[1.912s] Level 1:colcon.colcon_core.environment:create_file_with_runtime_dependencies(/home/ubuntu/Robotica_class/1_Parcial/examen_ws/install/robot_description/share/colcon-core/packages/robot_description)
[2.076s] Level 1:colcon.colcon_core.environment:checking '/home/ubuntu/Robotica_class/1_Parcial/examen_ws/install/visual_pubsub' for CMake module files
[2.077s] DEBUG:colcon.colcon_core.event_handler.log_command:Invoked command in '/home/ubuntu/Robotica_class/1_Parcial/examen_ws/ros2_tutorials/visual_pubsub' returned '0': DEBUGINFOD_URLS=https://debuginfod.ubuntu.com PYTHONPATH=/home/ubuntu/Robotica_class/1_Parcial/examen_ws/build/visual_pubsub/prefix_override:/usr/lib/python3/dist-packages/colcon_core/task/python/colcon_distutils_commands:/home/ubuntu/Robotica_class/1_Parcial/examen_ws/install/visual_pubsub/lib/python3.12/site-packages:${PYTHONPATH} /usr/bin/python3 -W ignore:setup.py install is deprecated -W ignore:easy_install command is deprecated setup.py egg_info --egg-base ../../build/visual_pubsub build --build-base /home/ubuntu/Robotica_class/1_Parcial/examen_ws/build/visual_pubsub/build install --record /home/ubuntu/Robotica_class/1_Parcial/examen_ws/build/visual_pubsub/install.log --single-version-externally-managed install_data
[2.078s] Level 1:colcon.colcon_core.environment:checking '/home/ubuntu/Robotica_class/1_Parcial/examen_ws/install/visual_pubsub' for CMake config files
[2.079s] Level 1:colcon.colcon_core.environment:checking '/home/ubuntu/Robotica_class/1_Parcial/examen_ws/install/visual_pubsub/lib'
[2.080s] Level 1:colcon.colcon_core.environment:checking '/home/ubuntu/Robotica_class/1_Parcial/examen_ws/install/visual_pubsub/bin'
[2.080s] Level 1:colcon.colcon_core.environment:checking '/home/ubuntu/Robotica_class/1_Parcial/examen_ws/install/visual_pubsub/lib/pkgconfig/visual_pubsub.pc'
[2.080s] Level 1:colcon.colcon_core.environment:checking '/home/ubuntu/Robotica_class/1_Parcial/examen_ws/install/visual_pubsub/lib/python3.12/site-packages'
[2.081s] Level 1:colcon.colcon_core.shell:create_environment_hook('visual_pubsub', 'pythonpath')
[2.081s] INFO:colcon.colcon_core.shell:Creating environment hook '/home/ubuntu/Robotica_class/1_Parcial/examen_ws/install/visual_pubsub/share/visual_pubsub/hook/pythonpath.ps1'
[2.082s] INFO:colcon.colcon_core.shell:Creating environment descriptor '/home/ubuntu/Robotica_class/1_Parcial/examen_ws/install/visual_pubsub/share/visual_pubsub/hook/pythonpath.dsv'
[2.083s] INFO:colcon.colcon_core.shell:Creating environment hook '/home/ubuntu/Robotica_class/1_Parcial/examen_ws/install/visual_pubsub/share/visual_pubsub/hook/pythonpath.sh'
[2.085s] Level 1:colcon.colcon_core.environment:checking '/home/ubuntu/Robotica_class/1_Parcial/examen_ws/install/visual_pubsub/bin'
[2.085s] Level 1:colcon.colcon_core.environment:create_environment_scripts_only(visual_pubsub)
[2.085s] INFO:colcon.colcon_core.shell:Creating package script '/home/ubuntu/Robotica_class/1_Parcial/examen_ws/install/visual_pubsub/share/visual_pubsub/package.ps1'
[2.087s] INFO:colcon.colcon_core.shell:Creating package descriptor '/home/ubuntu/Robotica_class/1_Parcial/examen_ws/install/visual_pubsub/share/visual_pubsub/package.dsv'
[2.088s] INFO:colcon.colcon_core.shell:Creating package script '/home/ubuntu/Robotica_class/1_Parcial/examen_ws/install/visual_pubsub/share/visual_pubsub/package.sh'
[2.089s] INFO:colcon.colcon_core.shell:Creating package script '/home/ubuntu/Robotica_class/1_Parcial/examen_ws/install/visual_pubsub/share/visual_pubsub/package.bash'
[2.089s] INFO:colcon.colcon_core.shell:Creating package script '/home/ubuntu/Robotica_class/1_Parcial/examen_ws/install/visual_pubsub/share/visual_pubsub/package.zsh'
[2.090s] Level 1:colcon.colcon_core.environment:create_file_with_runtime_dependencies(/home/ubuntu/Robotica_class/1_Parcial/examen_ws/install/visual_pubsub/share/colcon-core/packages/visual_pubsub)
[2.091s] DEBUG:colcon.colcon_parallel_executor.executor.parallel:closing loop
[2.092s] DEBUG:colcon.colcon_parallel_executor.executor.parallel:loop closed
[2.092s] DEBUG:colcon.colcon_parallel_executor.executor.parallel:run_until_complete finished with '0'
[2.093s] DEBUG:colcon.colcon_core.event_reactor:joining thread
[2.108s] INFO:colcon.colcon_core.plugin_system:Skipping extension 'colcon_notification.desktop_notification.terminal_notifier': Not used on non-Darwin systems
[2.108s] INFO:colcon.colcon_core.plugin_system:Skipping extension 'colcon_notification.desktop_notification.win32': Not used on non-Windows systems
[2.109s] INFO:colcon.colcon_notification.desktop_notification:Sending desktop notification using 'notify2'
[2.129s] DEBUG:colcon.colcon_core.event_reactor:joined thread
[2.129s] INFO:colcon.colcon_core.shell:Creating prefix script '/home/ubuntu/Robotica_class/1_Parcial/examen_ws/install/local_setup.ps1'
[2.131s] INFO:colcon.colcon_core.shell:Creating prefix util module '/home/ubuntu/Robotica_class/1_Parcial/examen_ws/install/_local_setup_util_ps1.py'
[2.133s] INFO:colcon.colcon_core.shell:Creating prefix chain script '/home/ubuntu/Robotica_class/1_Parcial/examen_ws/install/setup.ps1'
[2.134s] INFO:colcon.colcon_core.shell:Creating prefix script '/home/ubuntu/Robotica_class/1_Parcial/examen_ws/install/local_setup.sh'
[2.135s] INFO:colcon.colcon_core.shell:Creating prefix util module '/home/ubuntu/Robotica_class/1_Parcial/examen_ws/install/_local_setup_util_sh.py'
[2.136s] INFO:colcon.colcon_core.shell:Creating prefix chain script '/home/ubuntu/Robotica_class/1_Parcial/examen_ws/install/setup.sh'
[2.137s] INFO:colcon.colcon_core.shell:Creating prefix script '/home/ubuntu/Robotica_class/1_Parcial/examen_ws/install/local_setup.bash'
[2.137s] INFO:colcon.colcon_core.shell:Creating prefix chain script '/home/ubuntu/Robotica_class/1_Parcial/examen_ws/install/setup.bash'
[2.138s] INFO:colcon.colcon_core.shell:Creating prefix script '/home/ubuntu/Robotica_class/1_Parcial/examen_ws/install/local_setup.zsh'
[2.138s] INFO:colcon.colcon_core.shell:Creating prefix chain script '/home/ubuntu/Robotica_class/1_Parcial/examen_ws/install/setup.zsh'
