[1.073s] Invoking command in '/home/ubuntu/Robotica_class/1_Parcial/examen_ws/ros2_tutorials/visual_pubsub': DEBUGINFOD_URLS=https://debuginfod.ubuntu.com PYTHONPATH=/home/ubuntu/Robotica_class/1_Parcial/examen_ws/build/visual_pubsub/prefix_override:/usr/lib/python3/dist-packages/colcon_core/task/python/colcon_distutils_commands:/home/ubuntu/Robotica_class/1_Parcial/examen_ws/install/visual_pubsub/lib/python3.12/site-packages:${PYTHONPATH} /usr/bin/python3 -W ignore:setup.py install is deprecated -W ignore:easy_install command is deprecated setup.py egg_info --egg-base ../../build/visual_pubsub build --build-base /home/ubuntu/Robotica_class/1_Parcial/examen_ws/build/visual_pubsub/build install --record /home/ubuntu/Robotica_class/1_Parcial/examen_ws/build/visual_pubsub/install.log --single-version-externally-managed install_data
[1.411s] running egg_info
[1.412s] creating ../../build/visual_pubsub/visual_pubsub.egg-info
[1.438s] writing ../../build/visual_pubsub/visual_pubsub.egg-info/PKG-INFO
[1.438s] writing dependency_links to ../../build/visual_pubsub/visual_pubsub.egg-info/dependency_links.txt
[1.438s] writing entry points to ../../build/visual_pubsub/visual_pubsub.egg-info/entry_points.txt
[1.438s] writing requirements to ../../build/visual_pubsub/visual_pubsub.egg-info/requires.txt
[1.439s] writing top-level names to ../../build/visual_pubsub/visual_pubsub.egg-info/top_level.txt
[1.439s] writing manifest file '../../build/visual_pubsub/visual_pubsub.egg-info/SOURCES.txt'
[1.490s] reading manifest file '../../build/visual_pubsub/visual_pubsub.egg-info/SOURCES.txt'
[1.490s] adding license file 'LICENSE'
[1.491s] writing manifest file '../../build/visual_pubsub/visual_pubsub.egg-info/SOURCES.txt'
[1.491s] running build
[1.491s] running build_py
[1.491s] creating /home/ubuntu/Robotica_class/1_Parcial/examen_ws/build/visual_pubsub/build
[1.492s] creating /home/ubuntu/Robotica_class/1_Parcial/examen_ws/build/visual_pubsub/build/lib
[1.492s] creating /home/ubuntu/Robotica_class/1_Parcial/examen_ws/build/visual_pubsub/build/lib/visual_pubsub
[1.492s] copying visual_pubsub/pub_joints.py -> /home/ubuntu/Robotica_class/1_Parcial/examen_ws/build/visual_pubsub/build/lib/visual_pubsub
[1.492s] copying visual_pubsub/sub_joints.py -> /home/ubuntu/Robotica_class/1_Parcial/examen_ws/build/visual_pubsub/build/lib/visual_pubsub
[1.492s] copying visual_pubsub/__init__.py -> /home/ubuntu/Robotica_class/1_Parcial/examen_ws/build/visual_pubsub/build/lib/visual_pubsub
[1.493s] copying visual_pubsub/inverse_kinematic_robot1.py -> /home/ubuntu/Robotica_class/1_Parcial/examen_ws/build/visual_pubsub/build/lib/visual_pubsub
[1.493s] copying visual_pubsub/inverse_kinematics.py -> /home/ubuntu/Robotica_class/1_Parcial/examen_ws/build/visual_pubsub/build/lib/visual_pubsub
[1.493s] running install
[1.502s] running install_lib
[1.527s] creating /home/ubuntu/Robotica_class/1_Parcial/examen_ws/install/visual_pubsub/lib/python3.12/site-packages/visual_pubsub
[1.528s] copying /home/ubuntu/Robotica_class/1_Parcial/examen_ws/build/visual_pubsub/build/lib/visual_pubsub/pub_joints.py -> /home/ubuntu/Robotica_class/1_Parcial/examen_ws/install/visual_pubsub/lib/python3.12/site-packages/visual_pubsub
[1.528s] copying /home/ubuntu/Robotica_class/1_Parcial/examen_ws/build/visual_pubsub/build/lib/visual_pubsub/sub_joints.py -> /home/ubuntu/Robotica_class/1_Parcial/examen_ws/install/visual_pubsub/lib/python3.12/site-packages/visual_pubsub
[1.528s] copying /home/ubuntu/Robotica_class/1_Parcial/examen_ws/build/visual_pubsub/build/lib/visual_pubsub/__init__.py -> /home/ubuntu/Robotica_class/1_Parcial/examen_ws/install/visual_pubsub/lib/python3.12/site-packages/visual_pubsub
[1.528s] copying /home/ubuntu/Robotica_class/1_Parcial/examen_ws/build/visual_pubsub/build/lib/visual_pubsub/inverse_kinematic_robot1.py -> /home/ubuntu/Robotica_class/1_Parcial/examen_ws/install/visual_pubsub/lib/python3.12/site-packages/visual_pubsub
[1.529s] copying /home/ubuntu/Robotica_class/1_Parcial/examen_ws/build/visual_pubsub/build/lib/visual_pubsub/inverse_kinematics.py -> /home/ubuntu/Robotica_class/1_Parcial/examen_ws/install/visual_pubsub/lib/python3.12/site-packages/visual_pubsub
[1.529s] byte-compiling /home/ubuntu/Robotica_class/1_Parcial/examen_ws/install/visual_pubsub/lib/python3.12/site-packages/visual_pubsub/pub_joints.py to pub_joints.cpython-312.pyc
[1.530s] byte-compiling /home/ubuntu/Robotica_class/1_Parcial/examen_ws/install/visual_pubsub/lib/python3.12/site-packages/visual_pubsub/sub_joints.py to sub_joints.cpython-312.pyc
[1.531s] byte-compiling /home/ubuntu/Robotica_class/1_Parcial/examen_ws/install/visual_pubsub/lib/python3.12/site-packages/visual_pubsub/__init__.py to __init__.cpython-312.pyc
[1.531s] byte-compiling /home/ubuntu/Robotica_class/1_Parcial/examen_ws/install/visual_pubsub/lib/python3.12/site-packages/visual_pubsub/inverse_kinematic_robot1.py to inverse_kinematic_robot1.cpython-312.pyc
[1.533s] byte-compiling /home/ubuntu/Robotica_class/1_Parcial/examen_ws/install/visual_pubsub/lib/python3.12/site-packages/visual_pubsub/inverse_kinematics.py to inverse_kinematics.cpython-312.pyc
[1.536s] running install_data
[1.536s] creating /home/ubuntu/Robotica_class/1_Parcial/examen_ws/install/visual_pubsub/share/ament_index
[1.536s] creating /home/ubuntu/Robotica_class/1_Parcial/examen_ws/install/visual_pubsub/share/ament_index/resource_index
[1.536s] creating /home/ubuntu/Robotica_class/1_Parcial/examen_ws/install/visual_pubsub/share/ament_index/resource_index/packages
[1.536s] copying resource/visual_pubsub -> /home/ubuntu/Robotica_class/1_Parcial/examen_ws/install/visual_pubsub/share/ament_index/resource_index/packages
[1.537s] copying package.xml -> /home/ubuntu/Robotica_class/1_Parcial/examen_ws/install/visual_pubsub/share/visual_pubsub
[1.537s] running install_egg_info
[1.563s] Copying ../../build/visual_pubsub/visual_pubsub.egg-info to /home/ubuntu/Robotica_class/1_Parcial/examen_ws/install/visual_pubsub/lib/python3.12/site-packages/visual_pubsub-0.0.0-py3.12.egg-info
[1.564s] running install_scripts
[1.733s] Installing inverse script to /home/ubuntu/Robotica_class/1_Parcial/examen_ws/install/visual_pubsub/lib/visual_pubsub
[1.733s] Installing inverse_A script to /home/ubuntu/Robotica_class/1_Parcial/examen_ws/install/visual_pubsub/lib/visual_pubsub
[1.734s] Installing pub_joints script to /home/ubuntu/Robotica_class/1_Parcial/examen_ws/install/visual_pubsub/lib/visual_pubsub
[1.734s] Installing sub_joints script to /home/ubuntu/Robotica_class/1_Parcial/examen_ws/install/visual_pubsub/lib/visual_pubsub
[1.734s] writing list of installed files to '/home/ubuntu/Robotica_class/1_Parcial/examen_ws/build/visual_pubsub/install.log'
[1.779s] Invoked command in '/home/ubuntu/Robotica_class/1_Parcial/examen_ws/ros2_tutorials/visual_pubsub' returned '0': DEBUGINFOD_URLS=https://debuginfod.ubuntu.com PYTHONPATH=/home/ubuntu/Robotica_class/1_Parcial/examen_ws/build/visual_pubsub/prefix_override:/usr/lib/python3/dist-packages/colcon_core/task/python/colcon_distutils_commands:/home/ubuntu/Robotica_class/1_Parcial/examen_ws/install/visual_pubsub/lib/python3.12/site-packages:${PYTHONPATH} /usr/bin/python3 -W ignore:setup.py install is deprecated -W ignore:easy_install command is deprecated setup.py egg_info --egg-base ../../build/visual_pubsub build --build-base /home/ubuntu/Robotica_class/1_Parcial/examen_ws/build/visual_pubsub/build install --record /home/ubuntu/Robotica_class/1_Parcial/examen_ws/build/visual_pubsub/install.log --single-version-externally-managed install_data
