[0.018s] Invoking command in '/home/ubuntu/Robotica_class/1_Parcial/examen_ws/build/robot_description': CMAKE_PREFIX_PATH=${CMAKE_PREFIX_PATH}:/opt/ros/jazzy DEBUGINFOD_URLS=https://debuginfod.ubuntu.com /usr/bin/cmake /home/ubuntu/Robotica_class/1_Parcial/examen_ws/ros2_tutorials/robot_description -DCMAKE_INSTALL_PREFIX=/home/ubuntu/Robotica_class/1_Parcial/examen_ws/install/robot_description
[0.207s] -- The C compiler identification is GNU 13.3.0
[0.358s] -- The CXX compiler identification is GNU 13.3.0
[0.390s] -- Detecting C compiler ABI info
[0.547s] -- Detecting C compiler ABI info - done
[0.563s] -- Check for working C compiler: /usr/bin/cc - skipped
[0.563s] -- Detecting C compile features
[0.564s] -- Detecting C compile features - done
[0.580s] -- Detecting CXX compiler ABI info
[0.763s] -- Detecting CXX compiler ABI info - done
[0.790s] -- Check for working CXX compiler: /usr/bin/c++ - skipped
[0.791s] -- Detecting CXX compile features
[0.792s] -- Detecting CXX compile features - done
[0.812s] -- Found ament_cmake: 2.5.5 (/opt/ros/jazzy/share/ament_cmake/cmake)
[1.025s] -- Found Python3: /usr/bin/python3 (found version "3.12.3") found components: Interpreter 
[1.224s] -- Found ament_lint_auto: 0.17.4 (/opt/ros/jazzy/share/ament_lint_auto/cmake)
[1.401s] -- Added test 'flake8' to check Python code syntax and style conventions
[1.402s] -- Configured 'flake8' exclude dirs and/or files: 
[1.407s] -- Added test 'lint_cmake' to check CMake code style
[1.410s] -- Added test 'pep257' to check Python code against some of the docstring style conventions in PEP 257
[1.414s] -- Added test 'xmllint' to check XML markup files
[1.417s] -- Configuring done (1.4s)
[1.422s] -- Generating done (0.0s)
[1.425s] -- Build files have been written to: /home/ubuntu/Robotica_class/1_Parcial/examen_ws/build/robot_description
[1.434s] Invoked command in '/home/ubuntu/Robotica_class/1_Parcial/examen_ws/build/robot_description' returned '0': CMAKE_PREFIX_PATH=${CMAKE_PREFIX_PATH}:/opt/ros/jazzy DEBUGINFOD_URLS=https://debuginfod.ubuntu.com /usr/bin/cmake /home/ubuntu/Robotica_class/1_Parcial/examen_ws/ros2_tutorials/robot_description -DCMAKE_INSTALL_PREFIX=/home/ubuntu/Robotica_class/1_Parcial/examen_ws/install/robot_description
[1.437s] Invoking command in '/home/ubuntu/Robotica_class/1_Parcial/examen_ws/build/robot_description': CMAKE_PREFIX_PATH=${CMAKE_PREFIX_PATH}:/opt/ros/jazzy DEBUGINFOD_URLS=https://debuginfod.ubuntu.com /usr/bin/cmake --build /home/ubuntu/Robotica_class/1_Parcial/examen_ws/build/robot_description -- -j8 -l8
[1.520s] Invoked command in '/home/ubuntu/Robotica_class/1_Parcial/examen_ws/build/robot_description' returned '0': CMAKE_PREFIX_PATH=${CMAKE_PREFIX_PATH}:/opt/ros/jazzy DEBUGINFOD_URLS=https://debuginfod.ubuntu.com /usr/bin/cmake --build /home/ubuntu/Robotica_class/1_Parcial/examen_ws/build/robot_description -- -j8 -l8
[1.543s] Invoking command in '/home/ubuntu/Robotica_class/1_Parcial/examen_ws/build/robot_description': CMAKE_PREFIX_PATH=${CMAKE_PREFIX_PATH}:/opt/ros/jazzy DEBUGINFOD_URLS=https://debuginfod.ubuntu.com /usr/bin/cmake --install /home/ubuntu/Robotica_class/1_Parcial/examen_ws/build/robot_description
[1.554s] -- Install configuration: ""
[1.554s] -- Installing: /home/ubuntu/Robotica_class/1_Parcial/examen_ws/install/robot_description/share/robot_description/launch
[1.555s] -- Installing: /home/ubuntu/Robotica_class/1_Parcial/examen_ws/install/robot_description/share/robot_description/launch/view_robot1.launch.py
[1.555s] -- Installing: /home/ubuntu/Robotica_class/1_Parcial/examen_ws/install/robot_description/share/robot_description/launch/view_robot.launch.py
[1.555s] -- Installing: /home/ubuntu/Robotica_class/1_Parcial/examen_ws/install/robot_description/share/robot_description/urdf
[1.555s] -- Installing: /home/ubuntu/Robotica_class/1_Parcial/examen_ws/install/robot_description/share/robot_description/urdf/robot_manipulador.urdf
[1.556s] -- Installing: /home/ubuntu/Robotica_class/1_Parcial/examen_ws/install/robot_description/share/robot_description/urdf/multipleshapes.gv
[1.556s] -- Installing: /home/ubuntu/Robotica_class/1_Parcial/examen_ws/install/robot_description/share/robot_description/urdf/multipleshapes.pdf
[1.556s] -- Installing: /home/ubuntu/Robotica_class/1_Parcial/examen_ws/install/robot_description/share/robot_description/urdf/robot_bioinspirado.urdf
[1.556s] -- Installing: /home/ubuntu/Robotica_class/1_Parcial/examen_ws/install/robot_description/share/robot_description/urdf/prueba.urdf
[1.557s] -- Installing: /home/ubuntu/Robotica_class/1_Parcial/examen_ws/install/robot_description/share/robot_description/rviz
[1.557s] -- Installing: /home/ubuntu/Robotica_class/1_Parcial/examen_ws/install/robot_description/share/robot_description/rviz/urdf.rviz
[1.557s] -- Installing: /home/ubuntu/Robotica_class/1_Parcial/examen_ws/install/robot_description/share/robot_description/meshes
[1.558s] -- Installing: /home/ubuntu/Robotica_class/1_Parcial/examen_ws/install/robot_description/share/robot_description/meshes/visual
[1.558s] -- Installing: /home/ubuntu/Robotica_class/1_Parcial/examen_ws/install/robot_description/share/robot_description/meshes/visual/link5.dae
[1.560s] -- Installing: /home/ubuntu/Robotica_class/1_Parcial/examen_ws/install/robot_description/share/robot_description/meshes/visual/link4.dae
[1.561s] -- Installing: /home/ubuntu/Robotica_class/1_Parcial/examen_ws/install/robot_description/share/robot_description/meshes/visual/link1.dae
[1.563s] -- Installing: /home/ubuntu/Robotica_class/1_Parcial/examen_ws/install/robot_description/share/robot_description/meshes/visual/link7.dae
[1.564s] -- Installing: /home/ubuntu/Robotica_class/1_Parcial/examen_ws/install/robot_description/share/robot_description/meshes/visual/finger.dae
[1.564s] -- Installing: /home/ubuntu/Robotica_class/1_Parcial/examen_ws/install/robot_description/share/robot_description/meshes/visual/link0.dae
[1.566s] -- Installing: /home/ubuntu/Robotica_class/1_Parcial/examen_ws/install/robot_description/share/robot_description/meshes/visual/link3.dae
[1.567s] -- Installing: /home/ubuntu/Robotica_class/1_Parcial/examen_ws/install/robot_description/share/robot_description/meshes/visual/link2.dae
[1.568s] -- Installing: /home/ubuntu/Robotica_class/1_Parcial/examen_ws/install/robot_description/share/robot_description/meshes/visual/link6.dae
[1.571s] -- Installing: /home/ubuntu/Robotica_class/1_Parcial/examen_ws/install/robot_description/share/robot_description/meshes/visual/hand.dae
[1.571s] -- Installing: /home/ubuntu/Robotica_class/1_Parcial/examen_ws/install/robot_description/share/robot_description/meshes/collision
[1.572s] -- Installing: /home/ubuntu/Robotica_class/1_Parcial/examen_ws/install/robot_description/share/robot_description/meshes/collision/link7.obj
[1.572s] -- Installing: /home/ubuntu/Robotica_class/1_Parcial/examen_ws/install/robot_description/share/robot_description/meshes/collision/link5.obj
[1.572s] -- Installing: /home/ubuntu/Robotica_class/1_Parcial/examen_ws/install/robot_description/share/robot_description/meshes/collision/link0.obj
[1.573s] -- Installing: /home/ubuntu/Robotica_class/1_Parcial/examen_ws/install/robot_description/share/robot_description/meshes/collision/finger.obj
[1.573s] -- Installing: /home/ubuntu/Robotica_class/1_Parcial/examen_ws/install/robot_description/share/robot_description/meshes/collision/link3.obj
[1.573s] -- Installing: /home/ubuntu/Robotica_class/1_Parcial/examen_ws/install/robot_description/share/robot_description/meshes/collision/hand.obj
[1.573s] -- Installing: /home/ubuntu/Robotica_class/1_Parcial/examen_ws/install/robot_description/share/robot_description/meshes/collision/link4.obj
[1.574s] -- Installing: /home/ubuntu/Robotica_class/1_Parcial/examen_ws/install/robot_description/share/robot_description/meshes/collision/link2.obj
[1.574s] -- Installing: /home/ubuntu/Robotica_class/1_Parcial/examen_ws/install/robot_description/share/robot_description/meshes/collision/link6.obj
[1.579s] -- Installing: /home/ubuntu/Robotica_class/1_Parcial/examen_ws/install/robot_description/share/robot_description/meshes/collision/link1.obj
[1.579s] -- Installing: /home/ubuntu/Robotica_class/1_Parcial/examen_ws/install/robot_description/share/ament_index/resource_index/package_run_dependencies/robot_description
[1.579s] -- Installing: /home/ubuntu/Robotica_class/1_Parcial/examen_ws/install/robot_description/share/ament_index/resource_index/parent_prefix_path/robot_description
[1.580s] -- Installing: /home/ubuntu/Robotica_class/1_Parcial/examen_ws/install/robot_description/share/robot_description/environment/ament_prefix_path.sh
[1.580s] -- Installing: /home/ubuntu/Robotica_class/1_Parcial/examen_ws/install/robot_description/share/robot_description/environment/ament_prefix_path.dsv
[1.580s] -- Installing: /home/ubuntu/Robotica_class/1_Parcial/examen_ws/install/robot_description/share/robot_description/environment/path.sh
[1.580s] -- Installing: /home/ubuntu/Robotica_class/1_Parcial/examen_ws/install/robot_description/share/robot_description/environment/path.dsv
[1.581s] -- Installing: /home/ubuntu/Robotica_class/1_Parcial/examen_ws/install/robot_description/share/robot_description/local_setup.bash
[1.581s] -- Installing: /home/ubuntu/Robotica_class/1_Parcial/examen_ws/install/robot_description/share/robot_description/local_setup.sh
[1.581s] -- Installing: /home/ubuntu/Robotica_class/1_Parcial/examen_ws/install/robot_description/share/robot_description/local_setup.zsh
[1.581s] -- Installing: /home/ubuntu/Robotica_class/1_Parcial/examen_ws/install/robot_description/share/robot_description/local_setup.dsv
[1.582s] -- Installing: /home/ubuntu/Robotica_class/1_Parcial/examen_ws/install/robot_description/share/robot_description/package.dsv
[1.582s] -- Installing: /home/ubuntu/Robotica_class/1_Parcial/examen_ws/install/robot_description/share/ament_index/resource_index/packages/robot_description
[1.582s] -- Installing: /home/ubuntu/Robotica_class/1_Parcial/examen_ws/install/robot_description/share/robot_description/cmake/robot_descriptionConfig.cmake
[1.582s] -- Installing: /home/ubuntu/Robotica_class/1_Parcial/examen_ws/install/robot_description/share/robot_description/cmake/robot_descriptionConfig-version.cmake
[1.583s] -- Installing: /home/ubuntu/Robotica_class/1_Parcial/examen_ws/install/robot_description/share/robot_description/package.xml
[1.585s] Invoked command in '/home/ubuntu/Robotica_class/1_Parcial/examen_ws/build/robot_description' returned '0': CMAKE_PREFIX_PATH=${CMAKE_PREFIX_PATH}:/opt/ros/jazzy DEBUGINFOD_URLS=https://debuginfod.ubuntu.com /usr/bin/cmake --install /home/ubuntu/Robotica_class/1_Parcial/examen_ws/build/robot_description
