[1.093s] Invoking command in '/home/ubuntu/Robotica_class/1_Parcial/examen_ws/ros2_tutorials/visual_pubsub': DEBUGINFOD_URLS=https://debuginfod.ubuntu.com PYTHONPATH=/home/ubuntu/Robotica_class/1_Parcial/examen_ws/build/visual_pubsub/prefix_override:/usr/lib/python3/dist-packages/colcon_core/task/python/colcon_distutils_commands:/home/ubuntu/Robotica_class/1_Parcial/examen_ws/install/visual_pubsub/lib/python3.12/site-packages:${PYTHONPATH} /usr/bin/python3 -W ignore:setup.py install is deprecated -W ignore:easy_install command is deprecated setup.py egg_info --egg-base ../../build/visual_pubsub build --build-base /home/ubuntu/Robotica_class/1_Parcial/examen_ws/build/visual_pubsub/build install --record /home/ubuntu/Robotica_class/1_Parcial/examen_ws/build/visual_pubsub/install.log --single-version-externally-managed install_data
[1.433s] running egg_info
[1.459s] writing ../../build/visual_pubsub/visual_pubsub.egg-info/PKG-INFO
[1.459s] writing dependency_links to ../../build/visual_pubsub/visual_pubsub.egg-info/dependency_links.txt
[1.459s] writing entry points to ../../build/visual_pubsub/visual_pubsub.egg-info/entry_points.txt
[1.459s] writing requirements to ../../build/visual_pubsub/visual_pubsub.egg-info/requires.txt
[1.460s] writing top-level names to ../../build/visual_pubsub/visual_pubsub.egg-info/top_level.txt
[1.513s] reading manifest file '../../build/visual_pubsub/visual_pubsub.egg-info/SOURCES.txt'
[1.513s] adding license file 'LICENSE'
[1.514s] writing manifest file '../../build/visual_pubsub/visual_pubsub.egg-info/SOURCES.txt'
[1.514s] running build
[1.514s] running build_py
[1.514s] running install
[1.523s] running install_lib
[1.550s] running install_data
[1.551s] running install_egg_info
[1.578s] removing '/home/ubuntu/Robotica_class/1_Parcial/examen_ws/install/visual_pubsub/lib/python3.12/site-packages/visual_pubsub-0.0.0-py3.12.egg-info' (and everything under it)
[1.578s] Copying ../../build/visual_pubsub/visual_pubsub.egg-info to /home/ubuntu/Robotica_class/1_Parcial/examen_ws/install/visual_pubsub/lib/python3.12/site-packages/visual_pubsub-0.0.0-py3.12.egg-info
[1.579s] running install_scripts
[1.753s] Installing inverse script to /home/ubuntu/Robotica_class/1_Parcial/examen_ws/install/visual_pubsub/lib/visual_pubsub
[1.753s] Installing inverse_A script to /home/ubuntu/Robotica_class/1_Parcial/examen_ws/install/visual_pubsub/lib/visual_pubsub
[1.754s] Installing pub_joints script to /home/ubuntu/Robotica_class/1_Parcial/examen_ws/install/visual_pubsub/lib/visual_pubsub
[1.754s] Installing sub_joints script to /home/ubuntu/Robotica_class/1_Parcial/examen_ws/install/visual_pubsub/lib/visual_pubsub
[1.754s] writing list of installed files to '/home/ubuntu/Robotica_class/1_Parcial/examen_ws/build/visual_pubsub/install.log'
[1.810s] Invoked command in '/home/ubuntu/Robotica_class/1_Parcial/examen_ws/ros2_tutorials/visual_pubsub' returned '0': DEBUGINFOD_URLS=https://debuginfod.ubuntu.com PYTHONPATH=/home/ubuntu/Robotica_class/1_Parcial/examen_ws/build/visual_pubsub/prefix_override:/usr/lib/python3/dist-packages/colcon_core/task/python/colcon_distutils_commands:/home/ubuntu/Robotica_class/1_Parcial/examen_ws/install/visual_pubsub/lib/python3.12/site-packages:${PYTHONPATH} /usr/bin/python3 -W ignore:setup.py install is deprecated -W ignore:easy_install command is deprecated setup.py egg_info --egg-base ../../build/visual_pubsub build --build-base /home/ubuntu/Robotica_class/1_Parcial/examen_ws/build/visual_pubsub/build install --record /home/ubuntu/Robotica_class/1_Parcial/examen_ws/build/visual_pubsub/install.log --single-version-externally-managed install_data
