[0.019s] Invoking command in '/home/ubuntu/Robotica_class/1_Parcial/examen_ws/build/robot_description': CMAKE_PREFIX_PATH=${CMAKE_PREFIX_PATH}:/home/ubuntu/Robotica_class/1_Parcial/examen_ws/install/visual_pubsub:/opt/ros/jazzy DEBUGINFOD_URLS=https://debuginfod.ubuntu.com /usr/bin/cmake --build /home/ubuntu/Robotica_class/1_Parcial/examen_ws/build/robot_description -- -j8 -l8
[0.335s] Invoked command in '/home/ubuntu/Robotica_class/1_Parcial/examen_ws/build/robot_description' returned '0': CMAKE_PREFIX_PATH=${CMAKE_PREFIX_PATH}:/home/ubuntu/Robotica_class/1_Parcial/examen_ws/install/visual_pubsub:/opt/ros/jazzy DEBUGINFOD_URLS=https://debuginfod.ubuntu.com /usr/bin/cmake --build /home/ubuntu/Robotica_class/1_Parcial/examen_ws/build/robot_description -- -j8 -l8
[0.354s] Invoking command in '/home/ubuntu/Robotica_class/1_Parcial/examen_ws/build/robot_description': CMAKE_PREFIX_PATH=${CMAKE_PREFIX_PATH}:/home/ubuntu/Robotica_class/1_Parcial/examen_ws/install/visual_pubsub:/opt/ros/jazzy DEBUGINFOD_URLS=https://debuginfod.ubuntu.com /usr/bin/cmake --install /home/ubuntu/Robotica_class/1_Parcial/examen_ws/build/robot_description
[0.364s] -- Install configuration: ""
[0.364s] -- Up-to-date: /home/ubuntu/Robotica_class/1_Parcial/examen_ws/install/robot_description/share/robot_description/launch
[0.365s] -- Up-to-date: /home/ubuntu/Robotica_class/1_Parcial/examen_ws/install/robot_description/share/robot_description/launch/view_robot1.launch.py
[0.365s] -- Up-to-date: /home/ubuntu/Robotica_class/1_Parcial/examen_ws/install/robot_description/share/robot_description/launch/view_robot.launch.py
[0.365s] -- Up-to-date: /home/ubuntu/Robotica_class/1_Parcial/examen_ws/install/robot_description/share/robot_description/urdf
[0.365s] -- Up-to-date: /home/ubuntu/Robotica_class/1_Parcial/examen_ws/install/robot_description/share/robot_description/urdf/robot_manipulador.urdf
[0.365s] -- Up-to-date: /home/ubuntu/Robotica_class/1_Parcial/examen_ws/install/robot_description/share/robot_description/urdf/multipleshapes.gv
[0.366s] -- Up-to-date: /home/ubuntu/Robotica_class/1_Parcial/examen_ws/install/robot_description/share/robot_description/urdf/multipleshapes.pdf
[0.366s] -- Up-to-date: /home/ubuntu/Robotica_class/1_Parcial/examen_ws/install/robot_description/share/robot_description/urdf/robot_bioinspirado.urdf
[0.366s] -- Up-to-date: /home/ubuntu/Robotica_class/1_Parcial/examen_ws/install/robot_description/share/robot_description/urdf/prueba.urdf
[0.366s] -- Up-to-date: /home/ubuntu/Robotica_class/1_Parcial/examen_ws/install/robot_description/share/robot_description/rviz
[0.366s] -- Up-to-date: /home/ubuntu/Robotica_class/1_Parcial/examen_ws/install/robot_description/share/robot_description/rviz/urdf.rviz
[0.366s] -- Up-to-date: /home/ubuntu/Robotica_class/1_Parcial/examen_ws/install/robot_description/share/robot_description/meshes
[0.367s] -- Up-to-date: /home/ubuntu/Robotica_class/1_Parcial/examen_ws/install/robot_description/share/robot_description/meshes/visual
[0.367s] -- Up-to-date: /home/ubuntu/Robotica_class/1_Parcial/examen_ws/install/robot_description/share/robot_description/meshes/visual/link5.dae
[0.367s] -- Up-to-date: /home/ubuntu/Robotica_class/1_Parcial/examen_ws/install/robot_description/share/robot_description/meshes/visual/link4.dae
[0.367s] -- Up-to-date: /home/ubuntu/Robotica_class/1_Parcial/examen_ws/install/robot_description/share/robot_description/meshes/visual/link1.dae
[0.367s] -- Up-to-date: /home/ubuntu/Robotica_class/1_Parcial/examen_ws/install/robot_description/share/robot_description/meshes/visual/link7.dae
[0.367s] -- Up-to-date: /home/ubuntu/Robotica_class/1_Parcial/examen_ws/install/robot_description/share/robot_description/meshes/visual/finger.dae
[0.368s] -- Up-to-date: /home/ubuntu/Robotica_class/1_Parcial/examen_ws/install/robot_description/share/robot_description/meshes/visual/link0.dae
[0.368s] -- Up-to-date: /home/ubuntu/Robotica_class/1_Parcial/examen_ws/install/robot_description/share/robot_description/meshes/visual/link3.dae
[0.368s] -- Up-to-date: /home/ubuntu/Robotica_class/1_Parcial/examen_ws/install/robot_description/share/robot_description/meshes/visual/link2.dae
[0.368s] -- Up-to-date: /home/ubuntu/Robotica_class/1_Parcial/examen_ws/install/robot_description/share/robot_description/meshes/visual/link6.dae
[0.368s] -- Up-to-date: /home/ubuntu/Robotica_class/1_Parcial/examen_ws/install/robot_description/share/robot_description/meshes/visual/hand.dae
[0.368s] -- Up-to-date: /home/ubuntu/Robotica_class/1_Parcial/examen_ws/install/robot_description/share/robot_description/meshes/collision
[0.369s] -- Up-to-date: /home/ubuntu/Robotica_class/1_Parcial/examen_ws/install/robot_description/share/robot_description/meshes/collision/link7.obj
[0.369s] -- Up-to-date: /home/ubuntu/Robotica_class/1_Parcial/examen_ws/install/robot_description/share/robot_description/meshes/collision/link5.obj
[0.369s] -- Up-to-date: /home/ubuntu/Robotica_class/1_Parcial/examen_ws/install/robot_description/share/robot_description/meshes/collision/link0.obj
[0.369s] -- Up-to-date: /home/ubuntu/Robotica_class/1_Parcial/examen_ws/install/robot_description/share/robot_description/meshes/collision/finger.obj
[0.369s] -- Up-to-date: /home/ubuntu/Robotica_class/1_Parcial/examen_ws/install/robot_description/share/robot_description/meshes/collision/link3.obj
[0.369s] -- Up-to-date: /home/ubuntu/Robotica_class/1_Parcial/examen_ws/install/robot_description/share/robot_description/meshes/collision/hand.obj
[0.370s] -- Up-to-date: /home/ubuntu/Robotica_class/1_Parcial/examen_ws/install/robot_description/share/robot_description/meshes/collision/link4.obj
[0.370s] -- Up-to-date: /home/ubuntu/Robotica_class/1_Parcial/examen_ws/install/robot_description/share/robot_description/meshes/collision/link2.obj
[0.370s] -- Up-to-date: /home/ubuntu/Robotica_class/1_Parcial/examen_ws/install/robot_description/share/robot_description/meshes/collision/link6.obj
[0.370s] -- Up-to-date: /home/ubuntu/Robotica_class/1_Parcial/examen_ws/install/robot_description/share/robot_description/meshes/collision/link1.obj
[0.370s] -- Up-to-date: /home/ubuntu/Robotica_class/1_Parcial/examen_ws/install/robot_description/share/ament_index/resource_index/package_run_dependencies/robot_description
[0.371s] -- Up-to-date: /home/ubuntu/Robotica_class/1_Parcial/examen_ws/install/robot_description/share/ament_index/resource_index/parent_prefix_path/robot_description
[0.371s] -- Up-to-date: /home/ubuntu/Robotica_class/1_Parcial/examen_ws/install/robot_description/share/robot_description/environment/ament_prefix_path.sh
[0.371s] -- Up-to-date: /home/ubuntu/Robotica_class/1_Parcial/examen_ws/install/robot_description/share/robot_description/environment/ament_prefix_path.dsv
[0.371s] -- Up-to-date: /home/ubuntu/Robotica_class/1_Parcial/examen_ws/install/robot_description/share/robot_description/environment/path.sh
[0.371s] -- Up-to-date: /home/ubuntu/Robotica_class/1_Parcial/examen_ws/install/robot_description/share/robot_description/environment/path.dsv
[0.371s] -- Up-to-date: /home/ubuntu/Robotica_class/1_Parcial/examen_ws/install/robot_description/share/robot_description/local_setup.bash
[0.371s] -- Up-to-date: /home/ubuntu/Robotica_class/1_Parcial/examen_ws/install/robot_description/share/robot_description/local_setup.sh
[0.372s] -- Up-to-date: /home/ubuntu/Robotica_class/1_Parcial/examen_ws/install/robot_description/share/robot_description/local_setup.zsh
[0.372s] -- Up-to-date: /home/ubuntu/Robotica_class/1_Parcial/examen_ws/install/robot_description/share/robot_description/local_setup.dsv
[0.372s] -- Installing: /home/ubuntu/Robotica_class/1_Parcial/examen_ws/install/robot_description/share/robot_description/package.dsv
[0.372s] -- Up-to-date: /home/ubuntu/Robotica_class/1_Parcial/examen_ws/install/robot_description/share/ament_index/resource_index/packages/robot_description
[0.372s] -- Up-to-date: /home/ubuntu/Robotica_class/1_Parcial/examen_ws/install/robot_description/share/robot_description/cmake/robot_descriptionConfig.cmake
[0.372s] -- Up-to-date: /home/ubuntu/Robotica_class/1_Parcial/examen_ws/install/robot_description/share/robot_description/cmake/robot_descriptionConfig-version.cmake
[0.373s] -- Up-to-date: /home/ubuntu/Robotica_class/1_Parcial/examen_ws/install/robot_description/share/robot_description/package.xml
[0.374s] Invoked command in '/home/ubuntu/Robotica_class/1_Parcial/examen_ws/build/robot_description' returned '0': CMAKE_PREFIX_PATH=${CMAKE_PREFIX_PATH}:/home/ubuntu/Robotica_class/1_Parcial/examen_ws/install/visual_pubsub:/opt/ros/jazzy DEBUGINFOD_URLS=https://debuginfod.ubuntu.com /usr/bin/cmake --install /home/ubuntu/Robotica_class/1_Parcial/examen_ws/build/robot_description
